#-----------------------------------------------------------
# Vivado v2020.2 (64-bit)
# SW Build 3064766 on Wed Nov 18 09:12:45 MST 2020
# IP Build 3064653 on Wed Nov 18 14:17:31 MST 2020
# Start of session at: Mon Jan  3 15:45:39 2022
# Process ID: 18044
# Current directory: C:/Users/Vincenzo Pascarella/Desktop/Universit/Magistrale/Architettura_S_D/Vivado/scritti_da_me/esercizio_7
# Command line: vivado.exe -gui_launcher_event rodinguilauncherevent12504 C:\Users\Vincenzo Pascarella\Desktop\Universit\Magistrale\Architettura_S_D\Vivado\scritti_da_me\esercizio_7\esercizio_7.xpr
# Log file: C:/Users/Vincenzo Pascarella/Desktop/Universit/Magistrale/Architettura_S_D/Vivado/scritti_da_me/esercizio_7/vivado.log
# Journal file: C:/Users/Vincenzo Pascarella/Desktop/Universit/Magistrale/Architettura_S_D/Vivado/scritti_da_me/esercizio_7\vivado.jou
#-----------------------------------------------------------
start_gui
open_project {C:/Users/Vincenzo Pascarella/Desktop/Universit/Magistrale/Architettura_S_D/Vivado/scritti_da_me/esercizio_7/esercizio_7.xpr}
INFO: [ProjectBase 1-489] The host OS only allows 260 characters in a normal path. The project is stored in a path with more than 80 characters. If you experience issues with IP, Block Designs, or files not being found, please consider moving the project to a location with a shorter path. Alternately consider using the OS subst command to map part of the path to a drive letter.
Current project path is 'C:/Users/Vincenzo Pascarella/Desktop/Universit/Magistrale/Architettura_S_D/Vivado/scritti_da_me/esercizio_7'
INFO: [Project 1-313] Project file moved from 'C:/Users/Vincenzo Pascarella/Desktop/Universit/Magistrale/Architettura_S_D/Vivado/progetti_tesina/esercizio_7' since last save.
WARNING: [filemgmt 56-2] Default IP Output Path : Could not find the directory 'C:/Users/Vincenzo Pascarella/Desktop/Universit/Magistrale/Architettura_S_D/Vivado/scritti_da_me/esercizio_7/esercizio_7.gen/sources_1', nor could it be found using path 'C:/Users/Vincenzo Pascarella/Desktop/Universit/Magistrale/Architettura_S_D/Vivado/progetti_tesina/esercizio_7/esercizio_7.gen/sources_1'.
Scanning sources...
Finished scanning sources
INFO: [IP_Flow 19-234] Refreshing IP repositories
INFO: [IP_Flow 19-1704] No user IP repositories specified
INFO: [IP_Flow 19-2313] Loaded Vivado IP repository 'D:/Vivado/2020.2/data/ip'.
update_compile_order -fileset sources_1
close [ open {C:/Users/Vincenzo Pascarella/Desktop/Universit/Magistrale/Architettura_S_D/Vivado/scritti_da_me/esercizio_7/esercizio_7.srcs/sources_1/new/ROM.vhd} w ]
add_files {{C:/Users/Vincenzo Pascarella/Desktop/Universit/Magistrale/Architettura_S_D/Vivado/scritti_da_me/esercizio_7/esercizio_7.srcs/sources_1/new/ROM.vhd}}
update_compile_order -fileset sources_1
update_compile_order -fileset sources_1
launch_simulation
Command: launch_simulation 
INFO: [Vivado 12-5682] Launching behavioral simulation in 'C:/Users/Vincenzo Pascarella/Desktop/Universit/Magistrale/Architettura_S_D/Vivado/scritti_da_me/esercizio_7/esercizio_7.sim/sim_1/behav/xsim'
INFO: [SIM-utils-51] Simulation object is 'sim_1'
INFO: [SIM-utils-54] Inspecting design source files for 'TB_hand' in fileset 'sim_1'...
INFO: [USF-XSim-97] Finding global include files...
INFO: [USF-XSim-98] Fetching design files from 'sim_1'...
INFO: [USF-XSim-2] XSim::Compile design
INFO: [USF-XSim-61] Executing 'COMPILE and ANALYZE' step in 'C:/Users/Vincenzo Pascarella/Desktop/Universit/Magistrale/Architettura_S_D/Vivado/scritti_da_me/esercizio_7/esercizio_7.sim/sim_1/behav/xsim'
"xvhdl --incr --relax -prj TB_hand_vhdl.prj"
INFO: [VRFC 10-163] Analyzing VHDL file "C:/Users/Vincenzo Pascarella/Desktop/Universit/Magistrale/Architettura_S_D/Vivado/scritti_da_me/esercizio_7/esercizio_7.srcs/sources_1/new/Handshaking_system.vhd" into library xil_defaultlib
INFO: [VRFC 10-3107] analyzing entity 'Handshaking_system'
INFO: [VRFC 10-163] Analyzing VHDL file "C:/Users/Vincenzo Pascarella/Desktop/Universit/Magistrale/Architettura_S_D/Vivado/scritti_da_me/esercizio_7/esercizio_7.srcs/sources_1/new/ROM.vhd" into library xil_defaultlib
INFO: [VRFC 10-3107] analyzing entity 'ROM'
INFO: [VRFC 10-163] Analyzing VHDL file "C:/Users/Vincenzo Pascarella/Desktop/Universit/Magistrale/Architettura_S_D/Vivado/scritti_da_me/esercizio_7/esercizio_7.srcs/sources_1/new/ROM_B.vhd" into library xil_defaultlib
INFO: [VRFC 10-3107] analyzing entity 'ROM_B'
INFO: [VRFC 10-163] Analyzing VHDL file "C:/Users/Vincenzo Pascarella/Desktop/Universit/Magistrale/Architettura_S_D/Vivado/scritti_da_me/esercizio_7/esercizio_7.srcs/sources_1/new/ROM_S.vhd" into library xil_defaultlib
INFO: [VRFC 10-3107] analyzing entity 'ROM_S'
INFO: [VRFC 10-163] Analyzing VHDL file "C:/Users/Vincenzo Pascarella/Desktop/Universit/Magistrale/Architettura_S_D/Vivado/scritti_da_me/esercizio_7/esercizio_7.srcs/sources_1/new/Ricevitore.vhd" into library xil_defaultlib
INFO: [VRFC 10-3107] analyzing entity 'Ricevitore'
INFO: [VRFC 10-163] Analyzing VHDL file "C:/Users/Vincenzo Pascarella/Desktop/Universit/Magistrale/Architettura_S_D/Vivado/scritti_da_me/esercizio_7/esercizio_7.srcs/sources_1/new/System_A.vhd" into library xil_defaultlib
INFO: [VRFC 10-3107] analyzing entity 'System_A'
INFO: [VRFC 10-163] Analyzing VHDL file "C:/Users/Vincenzo Pascarella/Desktop/Universit/Magistrale/Architettura_S_D/Vivado/scritti_da_me/esercizio_7/esercizio_7.srcs/sources_1/new/System_B.vhd" into library xil_defaultlib
INFO: [VRFC 10-3107] analyzing entity 'System_B'
INFO: [VRFC 10-163] Analyzing VHDL file "C:/Users/Vincenzo Pascarella/Desktop/Universit/Magistrale/Architettura_S_D/Vivado/scritti_da_me/esercizio_7/esercizio_7.srcs/sources_1/new/Trasmettitore.vhd" into library xil_defaultlib
INFO: [VRFC 10-3107] analyzing entity 'Trasmettitore'
INFO: [VRFC 10-163] Analyzing VHDL file "C:/Users/Vincenzo Pascarella/Desktop/Universit/Magistrale/Architettura_S_D/Vivado/scritti_da_me/esercizio_7/esercizio_7.srcs/sources_1/new/adder.vhd" into library xil_defaultlib
INFO: [VRFC 10-3107] analyzing entity 'adder'
INFO: [VRFC 10-163] Analyzing VHDL file "C:/Users/Vincenzo Pascarella/Desktop/Universit/Magistrale/Architettura_S_D/Vivado/scritti_da_me/esercizio_7/esercizio_7.srcs/sources_1/imports/new/contatore.vhd" into library xil_defaultlib
INFO: [VRFC 10-3107] analyzing entity 'contatore'
INFO: [VRFC 10-163] Analyzing VHDL file "C:/Users/Vincenzo Pascarella/Desktop/Universit/Magistrale/Architettura_S_D/Vivado/scritti_da_me/esercizio_7/esercizio_7.srcs/sim_1/new/TB_hand.vhd" into library xil_defaultlib
INFO: [VRFC 10-3107] analyzing entity 'TB_hand'
INFO: [USF-XSim-69] 'compile' step finished in '2' seconds
INFO: [USF-XSim-3] XSim::Elaborate design
INFO: [USF-XSim-61] Executing 'ELABORATE' step in 'C:/Users/Vincenzo Pascarella/Desktop/Universit/Magistrale/Architettura_S_D/Vivado/scritti_da_me/esercizio_7/esercizio_7.sim/sim_1/behav/xsim'
"xelab -wto b005367c6fc6443ea24df6a693d75ce7 --incr --debug typical --relax --mt 2 -L xil_defaultlib -L secureip --snapshot TB_hand_behav xil_defaultlib.TB_hand -log elaborate.log"
Vivado Simulator 2020.2
Copyright 1986-1999, 2001-2020 Xilinx, Inc. All Rights Reserved.
Running: D:/Vivado/2020.2/bin/unwrapped/win64.o/xelab.exe -wto b005367c6fc6443ea24df6a693d75ce7 --incr --debug typical --relax --mt 2 -L xil_defaultlib -L secureip --snapshot TB_hand_behav xil_defaultlib.TB_hand -log elaborate.log 
Using 2 slave threads.
Starting static elaboration
Completed static elaboration
Starting simulation data flow analysis
Completed simulation data flow analysis
Time Resolution for simulation is 1ps
Compiling package std.standard
Compiling package std.textio
Compiling package ieee.std_logic_1164
Compiling package ieee.std_logic_arith
Compiling package ieee.numeric_std
Compiling architecture behavioral of entity xil_defaultlib.Trasmettitore [\Trasmettitore(m=3)\]
Compiling architecture behavioral of entity xil_defaultlib.contatore [\contatore(n=10)\]
Compiling architecture behavioral of entity xil_defaultlib.ROM [rom_default]
Compiling architecture structural of entity xil_defaultlib.System_A [system_a_default]
Compiling architecture behavioral of entity xil_defaultlib.Ricevitore [\Ricevitore(m=3)\]
Compiling architecture behavioral of entity xil_defaultlib.adder [adder_default]
Compiling architecture behavioral of entity xil_defaultlib.ROM_B [rom_b_default]
Compiling architecture behavioral of entity xil_defaultlib.ROM_S [rom_s_default]
Compiling architecture structural of entity xil_defaultlib.System_B [\System_B(m=3)\]
Compiling architecture structural of entity xil_defaultlib.Handshaking_system [handshaking_system_default]
Compiling architecture behavioral of entity xil_defaultlib.tb_hand
Built simulation snapshot TB_hand_behav

****** Webtalk v2020.2 (64-bit)
  **** SW Build 3064766 on Wed Nov 18 09:12:45 MST 2020
  **** IP Build 3064653 on Wed Nov 18 14:17:31 MST 2020
    ** Copyright 1986-2020 Xilinx, Inc. All Rights Reserved.

source C:/Users/Vincenzo -notrace
couldn't read file "C:/Users/Vincenzo": no such file or directory
INFO: [Common 17-206] Exiting Webtalk at Mon Jan  3 15:56:06 2022...
INFO: [USF-XSim-69] 'elaborate' step finished in '4' seconds
INFO: [USF-XSim-4] XSim::Simulate design
INFO: [USF-XSim-61] Executing 'SIMULATE' step in 'C:/Users/Vincenzo Pascarella/Desktop/Universit/Magistrale/Architettura_S_D/Vivado/scritti_da_me/esercizio_7/esercizio_7.sim/sim_1/behav/xsim'
INFO: [USF-XSim-98] *** Running xsim
   with args "TB_hand_behav -key {Behavioral:sim_1:Functional:TB_hand} -tclbatch {TB_hand.tcl} -log {simulate.log}"
INFO: [USF-XSim-8] Loading simulator feature
Vivado Simulator 2020.2
Time resolution is 1 ps
source TB_hand.tcl
# set curr_wave [current_wave_config]
# if { [string length $curr_wave] == 0 } {
#   if { [llength [get_objects]] > 0} {
#     add_wave /
#     set_property needs_save false [current_wave_config]
#   } else {
#      send_msg_id Add_Wave-1 WARNING "No top level signals found. Simulator will start without a wave window. If you want to open a wave window go to 'File->New Waveform Configuration' or type 'create_wave_config' in the TCL console."
#   }
# }
# run 1000ns
INFO: [USF-XSim-96] XSim completed. Design snapshot 'TB_hand_behav' loaded.
INFO: [USF-XSim-97] XSim simulation ran for 1000ns
launch_simulation: Time (s): cpu = 00:00:06 ; elapsed = 00:00:09 . Memory (MB): peak = 1189.051 ; gain = 0.000
close_sim
INFO: [Simtcl 6-16] Simulation closed
launch_simulation
Command: launch_simulation 
INFO: [Vivado 12-5682] Launching behavioral simulation in 'C:/Users/Vincenzo Pascarella/Desktop/Universit/Magistrale/Architettura_S_D/Vivado/scritti_da_me/esercizio_7/esercizio_7.sim/sim_1/behav/xsim'
INFO: [SIM-utils-51] Simulation object is 'sim_1'
INFO: [SIM-utils-54] Inspecting design source files for 'TB_hand' in fileset 'sim_1'...
INFO: [USF-XSim-97] Finding global include files...
INFO: [USF-XSim-98] Fetching design files from 'sim_1'...
INFO: [USF-XSim-2] XSim::Compile design
INFO: [USF-XSim-61] Executing 'COMPILE and ANALYZE' step in 'C:/Users/Vincenzo Pascarella/Desktop/Universit/Magistrale/Architettura_S_D/Vivado/scritti_da_me/esercizio_7/esercizio_7.sim/sim_1/behav/xsim'
"xvhdl --incr --relax -prj TB_hand_vhdl.prj"
INFO: [VRFC 10-163] Analyzing VHDL file "C:/Users/Vincenzo Pascarella/Desktop/Universit/Magistrale/Architettura_S_D/Vivado/scritti_da_me/esercizio_7/esercizio_7.srcs/sources_1/new/Ricevitore.vhd" into library xil_defaultlib
INFO: [VRFC 10-3107] analyzing entity 'Ricevitore'
INFO: [VRFC 10-163] Analyzing VHDL file "C:/Users/Vincenzo Pascarella/Desktop/Universit/Magistrale/Architettura_S_D/Vivado/scritti_da_me/esercizio_7/esercizio_7.srcs/sources_1/new/System_A.vhd" into library xil_defaultlib
INFO: [VRFC 10-3107] analyzing entity 'System_A'
INFO: [VRFC 10-163] Analyzing VHDL file "C:/Users/Vincenzo Pascarella/Desktop/Universit/Magistrale/Architettura_S_D/Vivado/scritti_da_me/esercizio_7/esercizio_7.srcs/sources_1/new/Trasmettitore.vhd" into library xil_defaultlib
INFO: [VRFC 10-3107] analyzing entity 'Trasmettitore'
INFO: [USF-XSim-69] 'compile' step finished in '1' seconds
INFO: [USF-XSim-3] XSim::Elaborate design
INFO: [USF-XSim-61] Executing 'ELABORATE' step in 'C:/Users/Vincenzo Pascarella/Desktop/Universit/Magistrale/Architettura_S_D/Vivado/scritti_da_me/esercizio_7/esercizio_7.sim/sim_1/behav/xsim'
"xelab -wto b005367c6fc6443ea24df6a693d75ce7 --incr --debug typical --relax --mt 2 -L xil_defaultlib -L secureip --snapshot TB_hand_behav xil_defaultlib.TB_hand -log elaborate.log"
Vivado Simulator 2020.2
Copyright 1986-1999, 2001-2020 Xilinx, Inc. All Rights Reserved.
Running: D:/Vivado/2020.2/bin/unwrapped/win64.o/xelab.exe -wto b005367c6fc6443ea24df6a693d75ce7 --incr --debug typical --relax --mt 2 -L xil_defaultlib -L secureip --snapshot TB_hand_behav xil_defaultlib.TB_hand -log elaborate.log 
Using 2 slave threads.
Starting static elaboration
Completed static elaboration
Starting simulation data flow analysis
Completed simulation data flow analysis
Time Resolution for simulation is 1ps
Compiling package std.standard
Compiling package std.textio
Compiling package ieee.std_logic_1164
Compiling package ieee.std_logic_arith
Compiling package ieee.numeric_std
Compiling architecture behavioral of entity xil_defaultlib.Trasmettitore [\Trasmettitore(m=3)\]
Compiling architecture behavioral of entity xil_defaultlib.contatore [\contatore(n=10)\]
Compiling architecture behavioral of entity xil_defaultlib.ROM [rom_default]
Compiling architecture structural of entity xil_defaultlib.System_A [system_a_default]
Compiling architecture behavioral of entity xil_defaultlib.Ricevitore [\Ricevitore(m=3)\]
Compiling architecture behavioral of entity xil_defaultlib.adder [adder_default]
Compiling architecture behavioral of entity xil_defaultlib.ROM_B [rom_b_default]
Compiling architecture behavioral of entity xil_defaultlib.ROM_S [rom_s_default]
Compiling architecture structural of entity xil_defaultlib.System_B [\System_B(m=3)\]
Compiling architecture structural of entity xil_defaultlib.Handshaking_system [handshaking_system_default]
Compiling architecture behavioral of entity xil_defaultlib.tb_hand
Built simulation snapshot TB_hand_behav
INFO: [USF-XSim-69] 'elaborate' step finished in '2' seconds
INFO: [USF-XSim-4] XSim::Simulate design
INFO: [USF-XSim-61] Executing 'SIMULATE' step in 'C:/Users/Vincenzo Pascarella/Desktop/Universit/Magistrale/Architettura_S_D/Vivado/scritti_da_me/esercizio_7/esercizio_7.sim/sim_1/behav/xsim'
INFO: [USF-XSim-98] *** Running xsim
   with args "TB_hand_behav -key {Behavioral:sim_1:Functional:TB_hand} -tclbatch {TB_hand.tcl} -log {simulate.log}"
INFO: [USF-XSim-8] Loading simulator feature
Vivado Simulator 2020.2
Time resolution is 1 ps
source TB_hand.tcl
# set curr_wave [current_wave_config]
# if { [string length $curr_wave] == 0 } {
#   if { [llength [get_objects]] > 0} {
#     add_wave /
#     set_property needs_save false [current_wave_config]
#   } else {
#      send_msg_id Add_Wave-1 WARNING "No top level signals found. Simulator will start without a wave window. If you want to open a wave window go to 'File->New Waveform Configuration' or type 'create_wave_config' in the TCL console."
#   }
# }
# run 1000ns
INFO: [USF-XSim-96] XSim completed. Design snapshot 'TB_hand_behav' loaded.
INFO: [USF-XSim-97] XSim simulation ran for 1000ns
launch_simulation: Time (s): cpu = 00:00:03 ; elapsed = 00:00:06 . Memory (MB): peak = 1189.051 ; gain = 0.000
close_sim
INFO: [Simtcl 6-16] Simulation closed
launch_simulation
Command: launch_simulation 
INFO: [Vivado 12-5682] Launching behavioral simulation in 'C:/Users/Vincenzo Pascarella/Desktop/Universit/Magistrale/Architettura_S_D/Vivado/scritti_da_me/esercizio_7/esercizio_7.sim/sim_1/behav/xsim'
INFO: [SIM-utils-51] Simulation object is 'sim_1'
INFO: [SIM-utils-54] Inspecting design source files for 'TB_hand' in fileset 'sim_1'...
INFO: [USF-XSim-97] Finding global include files...
INFO: [USF-XSim-98] Fetching design files from 'sim_1'...
INFO: [USF-XSim-2] XSim::Compile design
INFO: [USF-XSim-61] Executing 'COMPILE and ANALYZE' step in 'C:/Users/Vincenzo Pascarella/Desktop/Universit/Magistrale/Architettura_S_D/Vivado/scritti_da_me/esercizio_7/esercizio_7.sim/sim_1/behav/xsim'
"xvhdl --incr --relax -prj TB_hand_vhdl.prj"
INFO: [VRFC 10-163] Analyzing VHDL file "C:/Users/Vincenzo Pascarella/Desktop/Universit/Magistrale/Architettura_S_D/Vivado/scritti_da_me/esercizio_7/esercizio_7.srcs/sources_1/new/Ricevitore.vhd" into library xil_defaultlib
INFO: [VRFC 10-3107] analyzing entity 'Ricevitore'
INFO: [USF-XSim-69] 'compile' step finished in '1' seconds
INFO: [USF-XSim-3] XSim::Elaborate design
INFO: [USF-XSim-61] Executing 'ELABORATE' step in 'C:/Users/Vincenzo Pascarella/Desktop/Universit/Magistrale/Architettura_S_D/Vivado/scritti_da_me/esercizio_7/esercizio_7.sim/sim_1/behav/xsim'
"xelab -wto b005367c6fc6443ea24df6a693d75ce7 --incr --debug typical --relax --mt 2 -L xil_defaultlib -L secureip --snapshot TB_hand_behav xil_defaultlib.TB_hand -log elaborate.log"
Vivado Simulator 2020.2
Copyright 1986-1999, 2001-2020 Xilinx, Inc. All Rights Reserved.
Running: D:/Vivado/2020.2/bin/unwrapped/win64.o/xelab.exe -wto b005367c6fc6443ea24df6a693d75ce7 --incr --debug typical --relax --mt 2 -L xil_defaultlib -L secureip --snapshot TB_hand_behav xil_defaultlib.TB_hand -log elaborate.log 
Using 2 slave threads.
Starting static elaboration
Completed static elaboration
INFO: [XSIM 43-4323] No Change in HDL. Linking previously generated obj files to create kernel
INFO: [USF-XSim-69] 'elaborate' step finished in '3' seconds
INFO: [USF-XSim-4] XSim::Simulate design
INFO: [USF-XSim-61] Executing 'SIMULATE' step in 'C:/Users/Vincenzo Pascarella/Desktop/Universit/Magistrale/Architettura_S_D/Vivado/scritti_da_me/esercizio_7/esercizio_7.sim/sim_1/behav/xsim'
INFO: [USF-XSim-98] *** Running xsim
   with args "TB_hand_behav -key {Behavioral:sim_1:Functional:TB_hand} -tclbatch {TB_hand.tcl} -log {simulate.log}"
INFO: [USF-XSim-8] Loading simulator feature
Vivado Simulator 2020.2
Time resolution is 1 ps
source TB_hand.tcl
# set curr_wave [current_wave_config]
# if { [string length $curr_wave] == 0 } {
#   if { [llength [get_objects]] > 0} {
#     add_wave /
#     set_property needs_save false [current_wave_config]
#   } else {
#      send_msg_id Add_Wave-1 WARNING "No top level signals found. Simulator will start without a wave window. If you want to open a wave window go to 'File->New Waveform Configuration' or type 'create_wave_config' in the TCL console."
#   }
# }
# run 1000ns
INFO: [USF-XSim-96] XSim completed. Design snapshot 'TB_hand_behav' loaded.
INFO: [USF-XSim-97] XSim simulation ran for 1000ns
launch_simulation: Time (s): cpu = 00:00:02 ; elapsed = 00:00:06 . Memory (MB): peak = 1189.051 ; gain = 0.000
close_sim
INFO: [Simtcl 6-16] Simulation closed
launch_simulation
Command: launch_simulation 
INFO: [Vivado 12-5682] Launching behavioral simulation in 'C:/Users/Vincenzo Pascarella/Desktop/Universit/Magistrale/Architettura_S_D/Vivado/scritti_da_me/esercizio_7/esercizio_7.sim/sim_1/behav/xsim'
INFO: [SIM-utils-51] Simulation object is 'sim_1'
INFO: [SIM-utils-54] Inspecting design source files for 'TB_hand' in fileset 'sim_1'...
INFO: [USF-XSim-97] Finding global include files...
INFO: [USF-XSim-98] Fetching design files from 'sim_1'...
INFO: [USF-XSim-2] XSim::Compile design
INFO: [USF-XSim-61] Executing 'COMPILE and ANALYZE' step in 'C:/Users/Vincenzo Pascarella/Desktop/Universit/Magistrale/Architettura_S_D/Vivado/scritti_da_me/esercizio_7/esercizio_7.sim/sim_1/behav/xsim'
"xvhdl --incr --relax -prj TB_hand_vhdl.prj"
INFO: [USF-XSim-69] 'compile' step finished in '2' seconds
INFO: [USF-XSim-3] XSim::Elaborate design
INFO: [USF-XSim-61] Executing 'ELABORATE' step in 'C:/Users/Vincenzo Pascarella/Desktop/Universit/Magistrale/Architettura_S_D/Vivado/scritti_da_me/esercizio_7/esercizio_7.sim/sim_1/behav/xsim'
"xelab -wto b005367c6fc6443ea24df6a693d75ce7 --incr --debug typical --relax --mt 2 -L xil_defaultlib -L secureip --snapshot TB_hand_behav xil_defaultlib.TB_hand -log elaborate.log"
Vivado Simulator 2020.2
Copyright 1986-1999, 2001-2020 Xilinx, Inc. All Rights Reserved.
Running: D:/Vivado/2020.2/bin/unwrapped/win64.o/xelab.exe -wto b005367c6fc6443ea24df6a693d75ce7 --incr --debug typical --relax --mt 2 -L xil_defaultlib -L secureip --snapshot TB_hand_behav xil_defaultlib.TB_hand -log elaborate.log 
Using 2 slave threads.
Starting static elaboration
Completed static elaboration
INFO: [XSIM 43-4323] No Change in HDL. Linking previously generated obj files to create kernel
INFO: [USF-XSim-69] 'elaborate' step finished in '2' seconds
INFO: [USF-XSim-4] XSim::Simulate design
INFO: [USF-XSim-61] Executing 'SIMULATE' step in 'C:/Users/Vincenzo Pascarella/Desktop/Universit/Magistrale/Architettura_S_D/Vivado/scritti_da_me/esercizio_7/esercizio_7.sim/sim_1/behav/xsim'
INFO: [USF-XSim-98] *** Running xsim
   with args "TB_hand_behav -key {Behavioral:sim_1:Functional:TB_hand} -tclbatch {TB_hand.tcl} -log {simulate.log}"
INFO: [USF-XSim-8] Loading simulator feature
Vivado Simulator 2020.2
Time resolution is 1 ps
source TB_hand.tcl
# set curr_wave [current_wave_config]
# if { [string length $curr_wave] == 0 } {
#   if { [llength [get_objects]] > 0} {
#     add_wave /
#     set_property needs_save false [current_wave_config]
#   } else {
#      send_msg_id Add_Wave-1 WARNING "No top level signals found. Simulator will start without a wave window. If you want to open a wave window go to 'File->New Waveform Configuration' or type 'create_wave_config' in the TCL console."
#   }
# }
# run 1000ns
INFO: [USF-XSim-96] XSim completed. Design snapshot 'TB_hand_behav' loaded.
INFO: [USF-XSim-97] XSim simulation ran for 1000ns
launch_simulation: Time (s): cpu = 00:00:03 ; elapsed = 00:00:06 . Memory (MB): peak = 1189.051 ; gain = 0.000
close_sim
INFO: [Simtcl 6-16] Simulation closed
exit
INFO: [Common 17-206] Exiting Vivado at Mon Jan  3 20:53:39 2022...
