#-----------------------------------------------------------
# Vivado v2020.2 (64-bit)
# SW Build 3064766 on Wed Nov 18 09:12:45 MST 2020
# IP Build 3064653 on Wed Nov 18 14:17:31 MST 2020
# Start of session at: Mon Nov 29 18:57:13 2021
# Process ID: 23364
# Current directory: C:/Users/Vincenzo Pascarella/Downloads/esercizio_5_rolex
# Command line: vivado.exe -gui_launcher_event rodinguilauncherevent9752 C:\Users\Vincenzo Pascarella\Downloads\esercizio_5_rolex\esercizio_5_rolex.xpr
# Log file: C:/Users/Vincenzo Pascarella/Downloads/esercizio_5_rolex/vivado.log
# Journal file: C:/Users/Vincenzo Pascarella/Downloads/esercizio_5_rolex\vivado.jou
#-----------------------------------------------------------
start_gui
open_project {C:/Users/Vincenzo Pascarella/Downloads/esercizio_5_rolex/esercizio_5_rolex.xpr}
INFO: [Project 1-313] Project file moved from 'C:/Users/eleun/Downloads/esercizio_5_rolex' since last save.
WARNING: [filemgmt 56-2] Default IP Output Path : Could not find the directory 'C:/Users/Vincenzo Pascarella/Downloads/esercizio_5_rolex/esercizio_5_rolex.gen/sources_1', nor could it be found using path 'C:/Users/eleun/Downloads/esercizio_5_rolex/esercizio_5_rolex.gen/sources_1'.
Scanning sources...
Finished scanning sources
INFO: [IP_Flow 19-234] Refreshing IP repositories
INFO: [IP_Flow 19-1704] No user IP repositories specified
INFO: [IP_Flow 19-2313] Loaded Vivado IP repository 'D:/Vivado/2020.2/data/ip'.
update_compile_order -fileset sources_1
