Vivado Simulator 2020.2
Copyright 1986-1999, 2001-2020 Xilinx, Inc. All Rights Reserved.
Running: C:/Xilinx/Vivado/2020.2/bin/unwrapped/win64.o/xelab.exe -wto f85e18d2b9b8424fb589ad925b7799a4 --incr --debug typical --relax --mt 2 -L xil_defaultlib -L secureip --snapshot testbench_behav xil_defaultlib.testbench -log elaborate.log 
Using 2 slave threads.
Starting static elaboration
Completed static elaboration
Starting simulation data flow analysis
Completed simulation data flow analysis
Time Resolution for simulation is 1ps
Compiling package std.standard
Compiling package std.textio
Compiling package ieee.std_logic_1164
Compiling architecture dataflow of entity xil_defaultlib.mux_41 [mux_41_default]
Compiling architecture behavioral of entity xil_defaultlib.dem_14 [dem_14_default]
Compiling architecture dataflow of entity xil_defaultlib.priority [priority_default]
Compiling architecture structural of entity xil_defaultlib.CU [cu_default]
Compiling architecture dataflow of entity xil_defaultlib.mux_21 [mux_21_default]
Compiling architecture behavioral of entity xil_defaultlib.dem_12 [dem_12_default]
Compiling architecture structural of entity xil_defaultlib.switch [switch_default]
Compiling architecture structural of entity xil_defaultlib.OP [op_default]
Compiling architecture structural of entity xil_defaultlib.OmegaNetwork [omeganetwork_default]
Compiling architecture behavioral of entity xil_defaultlib.testbench
Built simulation snapshot testbench_behav
