#-----------------------------------------------------------
# Vivado v2020.2 (64-bit)
# SW Build 3064766 on Wed Nov 18 09:12:45 MST 2020
# IP Build 3064653 on Wed Nov 18 14:17:31 MST 2020
# Start of session at: Sat Jan  8 12:58:42 2022
# Process ID: 7724
# Current directory: C:/Users/Vincenzo Pascarella/Desktop/Universit/Magistrale/Architettura_S_D/Vivado/scritti_da_me/moltiplicatore_11
# Command line: vivado.exe -gui_launcher_event rodinguilauncherevent16352 C:\Users\Vincenzo Pascarella\Desktop\Universit\Magistrale\Architettura_S_D\Vivado\scritti_da_me\moltiplicatore_11\moltiplicatore_11.xpr
# Log file: C:/Users/Vincenzo Pascarella/Desktop/Universit/Magistrale/Architettura_S_D/Vivado/scritti_da_me/moltiplicatore_11/vivado.log
# Journal file: C:/Users/Vincenzo Pascarella/Desktop/Universit/Magistrale/Architettura_S_D/Vivado/scritti_da_me/moltiplicatore_11\vivado.jou
#-----------------------------------------------------------
start_gui
open_project {C:/Users/Vincenzo Pascarella/Desktop/Universit/Magistrale/Architettura_S_D/Vivado/scritti_da_me/moltiplicatore_11/moltiplicatore_11.xpr}
INFO: [ProjectBase 1-489] The host OS only allows 260 characters in a normal path. The project is stored in a path with more than 80 characters. If you experience issues with IP, Block Designs, or files not being found, please consider moving the project to a location with a shorter path. Alternately consider using the OS subst command to map part of the path to a drive letter.
Current project path is 'C:/Users/Vincenzo Pascarella/Desktop/Universit/Magistrale/Architettura_S_D/Vivado/scritti_da_me/moltiplicatore_11'
WARNING: [filemgmt 56-3] Default IP Output Path : Could not find the directory 'C:/Users/Vincenzo Pascarella/Desktop/Universit/Magistrale/Architettura_S_D/Vivado/scritti_da_me/moltiplicatore_11/moltiplicatore_11.gen/sources_1'.
Scanning sources...
Finished scanning sources
INFO: [IP_Flow 19-234] Refreshing IP repositories
INFO: [IP_Flow 19-1704] No user IP repositories specified
INFO: [IP_Flow 19-2313] Loaded Vivado IP repository 'D:/Vivado/2020.2/data/ip'.
update_compile_order -fileset sources_1
exit
INFO: [Common 17-206] Exiting Vivado at Sat Jan  8 13:13:52 2022...
