Copyright 1986-2020 Xilinx, Inc. All Rights Reserved.
------------------------------------------------------------------------------------------------
| Tool Version : Vivado v.2020.2 (win64) Build 3064766 Wed Nov 18 09:12:45 MST 2020
| Date         : Sat Jan  8 13:08:10 2022
| Host         : LAPTOP-M1QHB0JF running 64-bit major release  (build 9200)
| Command      : report_control_sets -verbose -file cronometroOnDisplay_control_sets_placed.rpt
| Design       : cronometroOnDisplay
| Device       : xc7a100t
------------------------------------------------------------------------------------------------

Control Set Information

Table of Contents
-----------------
1. Summary
2. Histogram
3. Flip-Flop Distribution
4. Detailed Control Set Information

1. Summary
----------

+----------------------------------------------------------+-------+
|                          Status                          | Count |
+----------------------------------------------------------+-------+
| Total control sets                                       |    61 |
|    Minimum number of control sets                        |    61 |
|    Addition due to synthesis replication                 |     0 |
|    Addition due to physical synthesis replication        |     0 |
| Unused register locations in slices containing registers |   404 |
+----------------------------------------------------------+-------+
* Control sets can be merged at opt_design using control_set_merge or merge_equivalent_drivers
** Run report_qor_suggestions for automated merging and remapping suggestions


2. Histogram
------------

+--------------------+-------+
|       Fanout       | Count |
+--------------------+-------+
| Total control sets |    61 |
| >= 0 to < 4        |    54 |
| >= 4 to < 6        |     0 |
| >= 6 to < 8        |     0 |
| >= 8 to < 10       |     0 |
| >= 10 to < 12      |     0 |
| >= 12 to < 14      |     0 |
| >= 14 to < 16      |     0 |
| >= 16              |     7 |
+--------------------+-------+
* Control sets can be remapped at either synth_design or opt_design


3. Flip-Flop Distribution
-------------------------

+--------------+-----------------------+------------------------+-----------------+--------------+
| Clock Enable | Synchronous Set/Reset | Asynchronous Set/Reset | Total Registers | Total Slices |
+--------------+-----------------------+------------------------+-----------------+--------------+
| No           | No                    | No                     |              28 |           10 |
| No           | No                    | Yes                    |              77 |           39 |
| No           | Yes                   | No                     |              41 |           24 |
| Yes          | No                    | No                     |               0 |            0 |
| Yes          | No                    | Yes                    |              68 |           31 |
| Yes          | Yes                   | No                     |              62 |           16 |
+--------------+-----------------------+------------------------+-----------------+--------------+


4. Detailed Control Set Information
-----------------------------------

+--------------------------+----------------------------------------+--------------------------------------+------------------+----------------+--------------+
|       Clock Signal       |              Enable Signal             |           Set/Reset Signal           | Slice Load Count | Bel Load Count | Bels / Slice |
+--------------------------+----------------------------------------+--------------------------------------+------------------+----------------+--------------+
| ~clockfx_BUFG            |                                        | btn2/CLEARED_BTN_reg_29              |                1 |              1 |         1.00 |
|  btn2/CLEARED_BTN_reg_17 |                                        | btn2/CLEARED_BTN_reg_23              |                1 |              1 |         1.00 |
|  btn2/CLEARED_BTN_reg_30 |                                        | btn2/CLEARED_BTN_reg_25              |                1 |              1 |         1.00 |
|  btn2/CLEARED_BTN_reg_13 |                                        | btn2/CLEARED_BTN_reg_19              |                1 |              1 |         1.00 |
|  btn2/CLEARED_BTN_reg_6  |                                        | btn2/CLEARED_BTN_reg_12              |                1 |              1 |         1.00 |
|  btn2/CLEARED_BTN_reg_34 |                                        | btn2/CLEARED_BTN_reg_29              |                1 |              1 |         1.00 |
| ~clockfx_BUFG            |                                        | btn2/CLEARED_BTN_reg_26              |                1 |              1 |         1.00 |
| ~clockfx_BUFG            |                                        | btn2/CLEARED_BTN_reg_19              |                1 |              1 |         1.00 |
| ~clockfx_BUFG            |                                        | btn2/CLEARED_BTN_reg_11              |                1 |              1 |         1.00 |
| ~clockfx_BUFG            |                                        | btn2/CLEARED_BTN_reg_15              |                1 |              1 |         1.00 |
| ~clockfx_BUFG            |                                        | btn2/CLEARED_BTN_reg_16              |                1 |              1 |         1.00 |
| ~clockfx_BUFG            |                                        | btn2/CLEARED_BTN_reg_18              |                1 |              1 |         1.00 |
| ~clockfx_BUFG            |                                        | btn2/CLEARED_BTN_reg_14              |                1 |              1 |         1.00 |
| ~clockfx_BUFG            |                                        | btn2/CLEARED_BTN_reg_21              |                1 |              1 |         1.00 |
|  btn2/CLEARED_BTN_reg_4  |                                        | btn2/CLEARED_BTN_reg_10              |                1 |              1 |         1.00 |
| ~clockfx_BUFG            |                                        | btn2/CLEARED_BTN_reg_22              |                1 |              1 |         1.00 |
| ~clockfx_BUFG            |                                        | btn2/CLEARED_BTN_reg_25              |                1 |              1 |         1.00 |
| ~clockfx_BUFG            |                                        | btn2/CLEARED_BTN_reg_28              |                1 |              1 |         1.00 |
| ~clockfx_BUFG            |                                        | btn2/CLEARED_BTN_reg_17              |                1 |              1 |         1.00 |
| ~clockfx_BUFG            |                                        | btn2/CLEARED_BTN_reg_23              |                1 |              1 |         1.00 |
| ~clockfx_BUFG            |                                        | btn2/CLEARED_BTN_reg_24              |                1 |              1 |         1.00 |
| ~clockfx_BUFG            |                                        | btn2/CLEARED_BTN_reg_27              |                1 |              1 |         1.00 |
| ~clockfx_BUFG            |                                        | btn2/CLEARED_BTN_reg_10              |                1 |              1 |         1.00 |
| ~clockfx_BUFG            |                                        | btn2/CLEARED_BTN_reg_12              |                1 |              1 |         1.00 |
| ~clockfx_BUFG            |                                        | btn2/CLEARED_BTN_reg_13              |                1 |              1 |         1.00 |
| ~clockfx_BUFG            |                                        | btn2/CLEARED_BTN_reg_20              |                1 |              1 |         1.00 |
| ~clockfx_BUFG            |                                        | btn2/CLEARED_BTN_reg_9               |                1 |              1 |         1.00 |
| ~clockfx_BUFG            |                                        | btn2/CLEARED_BTN_reg_8               |                1 |              1 |         1.00 |
| ~clockfx_BUFG            |                                        | btn2/CLEARED_BTN_reg_7               |                1 |              1 |         1.00 |
|  btn2/CLEARED_BTN_reg_5  |                                        | btn2/CLEARED_BTN_reg_11              |                1 |              1 |         1.00 |
| ~clockfx_BUFG            | contatore/secondi/y_reg_0              | btn2/CLEARED_BTN_reg_3               |                1 |              1 |         1.00 |
| ~clockfx_BUFG            | contatore/secondi/enable               | btn2/CLEARED_BTN_reg_31              |                1 |              1 |         1.00 |
| ~clockfx_BUFG            | contatore/secondi/enable               | btn2/CLEARED_BTN_reg_32              |                1 |              1 |         1.00 |
| ~clockfx_BUFG            | contatore/secondi/enable               | btn2/CLEARED_BTN_reg_33              |                1 |              1 |         1.00 |
| ~clockfx_BUFG            | contatore/secondi/enable               | btn2/CLEARED_BTN_reg_30              |                1 |              1 |         1.00 |
| ~clockfx_BUFG            | contatore/secondi/enable               | btn2/CLEARED_BTN_reg_34              |                1 |              1 |         1.00 |
| ~clockfx_BUFG            | contatore/secondi/y_reg_0              | btn2/CLEARED_BTN_reg_1               |                1 |              1 |         1.00 |
| ~clockfx_BUFG            | contatore/secondi/y_reg_0              | btn2/CLEARED_BTN_reg_2               |                1 |              1 |         1.00 |
| ~clockfx_BUFG            | contatore/secondi/y_reg_0              | btn2/CLEARED_BTN_reg_6               |                1 |              1 |         1.00 |
| ~clockfx_BUFG            | contatore/secondi/y_reg_0              | btn2/CLEARED_BTN_reg_4               |                1 |              1 |         1.00 |
| ~clockfx_BUFG            | contatore/secondi/y_reg_0              | btn2/CLEARED_BTN_reg_5               |                1 |              1 |         1.00 |
|  btn2/CLEARED_BTN_reg_31 |                                        | btn2/CLEARED_BTN_reg_26              |                1 |              1 |         1.00 |
|  btn2/CLEARED_BTN_reg_32 |                                        | btn2/CLEARED_BTN_reg_27              |                1 |              1 |         1.00 |
|  btn2/CLEARED_BTN_reg_33 |                                        | btn2/CLEARED_BTN_reg_28              |                1 |              1 |         1.00 |
|  btn2/CLEARED_BTN_reg_3  |                                        | btn2/CLEARED_BTN_reg_9               |                1 |              1 |         1.00 |
|  btn2/CLEARED_BTN_reg_15 |                                        | btn2/CLEARED_BTN_reg_21              |                1 |              1 |         1.00 |
|  btn2/CLEARED_BTN_reg_1  |                                        | btn2/CLEARED_BTN_reg_7               |                1 |              1 |         1.00 |
|  btn2/CLEARED_BTN_reg_16 |                                        | btn2/CLEARED_BTN_reg_22              |                1 |              1 |         1.00 |
|  btn2/CLEARED_BTN_reg_18 |                                        | btn2/CLEARED_BTN_reg_24              |                1 |              1 |         1.00 |
|  btn2/CLEARED_BTN_reg_14 |                                        | btn2/CLEARED_BTN_reg_20              |                1 |              1 |         1.00 |
|  btn2/CLEARED_BTN_reg_2  |                                        | btn2/CLEARED_BTN_reg_8               |                1 |              1 |         1.00 |
| ~clockfx_BUFG            |                                        |                                      |                2 |              2 |         1.00 |
| ~clockfx_BUFG            | contatore/minuti/setted[23]_i_1__0_n_0 | contatore/minuti/setted[23]_i_2_n_0  |                1 |              2 |         2.00 |
| ~clockfx_BUFG            | contatore/secondi/setted01_in          | contatore/secondi/setted[23]_i_2_n_0 |                1 |              2 |         2.00 |
| ~clockfx_BUFG            |                                        | contatore/secondi/count[31]_i_2_n_0  |               10 |             26 |         2.60 |
|  clock_in_IBUF_BUFG      |                                        |                                      |                8 |             26 |         3.25 |
| ~clockfx_BUFG            | contatore/secondi/y_reg_0              | contatore/minuti/count[31]_i_2_n_0   |               11 |             26 |         2.36 |
| ~clockfx_BUFG            | contatore/secondi/enable               | contatore/ore/count[31]_i_3_n_0      |                7 |             27 |         3.86 |
|  clock_in_IBUF_BUFG      | btn1/deb.count[31]_i_2__0_n_0          | btn1/deb.count[31]_i_1__0_n_0        |                8 |             31 |         3.88 |
|  clock_in_IBUF_BUFG      | btn2/deb.count[31]_i_2_n_0             | btn2/deb.count[31]_i_1_n_0           |                8 |             31 |         3.88 |
|  clock_in_IBUF_BUFG      |                                        | divisore/rst_in                      |               13 |             52 |         4.00 |
+--------------------------+----------------------------------------+--------------------------------------+------------------+----------------+--------------+


