
*** Running vivado
    with args -log encoder_timing.vds -m64 -product Vivado -mode batch -messageDb vivado.pb -notrace -source encoder_timing.tcl



****** Vivado v2020.2 (64-bit)
  **** SW Build 3064766 on Wed Nov 18 09:12:45 MST 2020
  **** IP Build 3064653 on Wed Nov 18 14:17:31 MST 2020
    ** Copyright 1986-2020 Xilinx, Inc. All Rights Reserved.

source encoder_timing.tcl -notrace
Command: synth_design -top encoder_timing -part xc7a100tcsg324-1
Starting synth_design
Attempting to get a license for feature 'Synthesis' and/or device 'xc7a100t'
INFO: [Common 17-349] Got license for feature 'Synthesis' and/or device 'xc7a100t'
INFO: [Device 21-403] Loading part xc7a100tcsg324-1
INFO: [Synth 8-7079] Multithreading enabled for synth_design using a maximum of 2 processes.
INFO: [Synth 8-7078] Launching helper process for spawning children vivado processes
INFO: [Synth 8-7075] Helper process launched with PID 11388
---------------------------------------------------------------------------------
Starting RTL Elaboration : Time (s): cpu = 00:00:09 ; elapsed = 00:00:10 . Memory (MB): peak = 1004.262 ; gain = 0.000
---------------------------------------------------------------------------------
INFO: [Synth 8-638] synthesizing module 'encoder_timing' [C:/Users/raimo/Desktop/esercizio_2_timing/esercizio_2.srcs/sources_1/new/encoder_timing.vhd:43]
INFO: [Synth 8-3491] module 'encoder_BCD' declared at 'C:/Users/raimo/Desktop/esercizio_2_timing/esercizio_2.srcs/sources_1/new/encoder_BCD.vhd:34' bound to instance 'enc' of component 'encoder_BCD' [C:/Users/raimo/Desktop/esercizio_2_timing/esercizio_2.srcs/sources_1/new/encoder_timing.vhd:65]
INFO: [Synth 8-638] synthesizing module 'encoder_BCD' [C:/Users/raimo/Desktop/esercizio_2_timing/esercizio_2.srcs/sources_1/new/encoder_BCD.vhd:41]
INFO: [Synth 8-256] done synthesizing module 'encoder_BCD' (1#1) [C:/Users/raimo/Desktop/esercizio_2_timing/esercizio_2.srcs/sources_1/new/encoder_BCD.vhd:41]
INFO: [Synth 8-3491] module 'flip_flop' declared at 'C:/Users/raimo/Desktop/esercizio_2_timing/esercizio_2.srcs/sources_1/new/flip_flop.vhd:34' bound to instance 'f1' of component 'flip_flop' [C:/Users/raimo/Desktop/esercizio_2_timing/esercizio_2.srcs/sources_1/new/encoder_timing.vhd:71]
INFO: [Synth 8-638] synthesizing module 'flip_flop' [C:/Users/raimo/Desktop/esercizio_2_timing/esercizio_2.srcs/sources_1/new/flip_flop.vhd:42]
INFO: [Synth 8-256] done synthesizing module 'flip_flop' (2#1) [C:/Users/raimo/Desktop/esercizio_2_timing/esercizio_2.srcs/sources_1/new/flip_flop.vhd:42]
INFO: [Synth 8-3491] module 'flip_flop' declared at 'C:/Users/raimo/Desktop/esercizio_2_timing/esercizio_2.srcs/sources_1/new/flip_flop.vhd:34' bound to instance 'f2' of component 'flip_flop' [C:/Users/raimo/Desktop/esercizio_2_timing/esercizio_2.srcs/sources_1/new/encoder_timing.vhd:78]
INFO: [Synth 8-256] done synthesizing module 'encoder_timing' (3#1) [C:/Users/raimo/Desktop/esercizio_2_timing/esercizio_2.srcs/sources_1/new/encoder_timing.vhd:43]
---------------------------------------------------------------------------------
Finished RTL Elaboration : Time (s): cpu = 00:00:12 ; elapsed = 00:00:12 . Memory (MB): peak = 1004.262 ; gain = 0.000
---------------------------------------------------------------------------------
---------------------------------------------------------------------------------
Start Handling Custom Attributes
---------------------------------------------------------------------------------
---------------------------------------------------------------------------------
Finished Handling Custom Attributes : Time (s): cpu = 00:00:13 ; elapsed = 00:00:14 . Memory (MB): peak = 1004.262 ; gain = 0.000
---------------------------------------------------------------------------------
---------------------------------------------------------------------------------
Finished RTL Optimization Phase 1 : Time (s): cpu = 00:00:13 ; elapsed = 00:00:14 . Memory (MB): peak = 1004.262 ; gain = 0.000
---------------------------------------------------------------------------------
Netlist sorting complete. Time (s): cpu = 00:00:00 ; elapsed = 00:00:00.001 . Memory (MB): peak = 1004.262 ; gain = 0.000
INFO: [Project 1-570] Preparing netlist for logic optimization

Processing XDC Constraints
Initializing timing engine
Parsing XDC File [C:/Users/raimo/Desktop/esercizio_2_timing/Nexys-A7-100T-Master.xdc]
Finished Parsing XDC File [C:/Users/raimo/Desktop/esercizio_2_timing/Nexys-A7-100T-Master.xdc]
INFO: [Project 1-236] Implementation specific constraints were found while reading constraint file [C:/Users/raimo/Desktop/esercizio_2_timing/Nexys-A7-100T-Master.xdc]. These constraints will be ignored for synthesis but will be used in implementation. Impacted constraints are listed in the file [.Xil/encoder_timing_propImpl.xdc].
Resolution: To avoid this warning, move constraints listed in [.Xil/encoder_timing_propImpl.xdc] to another XDC file and exclude this new file from synthesis with the used_in_synthesis property (File Properties dialog in GUI) and re-run elaboration/synthesis.
Completed Processing XDC Constraints

Netlist sorting complete. Time (s): cpu = 00:00:00 ; elapsed = 00:00:00 . Memory (MB): peak = 1004.262 ; gain = 0.000
INFO: [Project 1-111] Unisim Transformation Summary:
No Unisim elements were transformed.

Constraint Validation Runtime : Time (s): cpu = 00:00:00 ; elapsed = 00:00:00.008 . Memory (MB): peak = 1004.262 ; gain = 0.000
---------------------------------------------------------------------------------
Finished Constraint Validation : Time (s): cpu = 00:00:30 ; elapsed = 00:00:31 . Memory (MB): peak = 1004.262 ; gain = 0.000
---------------------------------------------------------------------------------
---------------------------------------------------------------------------------
Start Loading Part and Timing Information
---------------------------------------------------------------------------------
Loading part: xc7a100tcsg324-1
---------------------------------------------------------------------------------
Finished Loading Part and Timing Information : Time (s): cpu = 00:00:30 ; elapsed = 00:00:32 . Memory (MB): peak = 1004.262 ; gain = 0.000
---------------------------------------------------------------------------------
---------------------------------------------------------------------------------
Start Applying 'set_property' XDC Constraints
---------------------------------------------------------------------------------
---------------------------------------------------------------------------------
Finished applying 'set_property' XDC Constraints : Time (s): cpu = 00:00:30 ; elapsed = 00:00:32 . Memory (MB): peak = 1004.262 ; gain = 0.000
---------------------------------------------------------------------------------
---------------------------------------------------------------------------------
Finished RTL Optimization Phase 2 : Time (s): cpu = 00:00:30 ; elapsed = 00:00:32 . Memory (MB): peak = 1004.262 ; gain = 0.000
---------------------------------------------------------------------------------
---------------------------------------------------------------------------------
Start RTL Component Statistics 
---------------------------------------------------------------------------------
Detailed RTL Component Info : 
+---Registers : 
	               10 Bit    Registers := 2     
+---Muxes : 
	  11 Input    4 Bit        Muxes := 1     
---------------------------------------------------------------------------------
Finished RTL Component Statistics 
---------------------------------------------------------------------------------
---------------------------------------------------------------------------------
Start Part Resource Summary
---------------------------------------------------------------------------------
Part Resources:
DSPs: 240 (col length:80)
BRAMs: 270 (col length: RAMB18 80 RAMB36 40)
---------------------------------------------------------------------------------
Finished Part Resource Summary
---------------------------------------------------------------------------------
---------------------------------------------------------------------------------
Start Cross Boundary and Area Optimization
---------------------------------------------------------------------------------
---------------------------------------------------------------------------------
Finished Cross Boundary and Area Optimization : Time (s): cpu = 00:00:35 ; elapsed = 00:00:37 . Memory (MB): peak = 1004.262 ; gain = 0.000
---------------------------------------------------------------------------------
---------------------------------------------------------------------------------
Start Applying XDC Timing Constraints
---------------------------------------------------------------------------------
---------------------------------------------------------------------------------
Finished Applying XDC Timing Constraints : Time (s): cpu = 00:00:52 ; elapsed = 00:00:54 . Memory (MB): peak = 1004.262 ; gain = 0.000
---------------------------------------------------------------------------------
---------------------------------------------------------------------------------
Start Timing Optimization
---------------------------------------------------------------------------------
---------------------------------------------------------------------------------
Finished Timing Optimization : Time (s): cpu = 00:00:52 ; elapsed = 00:00:54 . Memory (MB): peak = 1004.262 ; gain = 0.000
---------------------------------------------------------------------------------
---------------------------------------------------------------------------------
Start Technology Mapping
---------------------------------------------------------------------------------
---------------------------------------------------------------------------------
Finished Technology Mapping : Time (s): cpu = 00:00:52 ; elapsed = 00:00:55 . Memory (MB): peak = 1004.262 ; gain = 0.000
---------------------------------------------------------------------------------
---------------------------------------------------------------------------------
Start IO Insertion
---------------------------------------------------------------------------------
---------------------------------------------------------------------------------
Start Flattening Before IO Insertion
---------------------------------------------------------------------------------
---------------------------------------------------------------------------------
Finished Flattening Before IO Insertion
---------------------------------------------------------------------------------
---------------------------------------------------------------------------------
Start Final Netlist Cleanup
---------------------------------------------------------------------------------
---------------------------------------------------------------------------------
Finished Final Netlist Cleanup
---------------------------------------------------------------------------------
---------------------------------------------------------------------------------
Finished IO Insertion : Time (s): cpu = 00:01:01 ; elapsed = 00:01:04 . Memory (MB): peak = 1010.188 ; gain = 5.926
---------------------------------------------------------------------------------
---------------------------------------------------------------------------------
Start Renaming Generated Instances
---------------------------------------------------------------------------------
---------------------------------------------------------------------------------
Finished Renaming Generated Instances : Time (s): cpu = 00:01:01 ; elapsed = 00:01:04 . Memory (MB): peak = 1010.188 ; gain = 5.926
---------------------------------------------------------------------------------
---------------------------------------------------------------------------------
Start Rebuilding User Hierarchy
---------------------------------------------------------------------------------
---------------------------------------------------------------------------------
Finished Rebuilding User Hierarchy : Time (s): cpu = 00:01:01 ; elapsed = 00:01:04 . Memory (MB): peak = 1010.188 ; gain = 5.926
---------------------------------------------------------------------------------
---------------------------------------------------------------------------------
Start Renaming Generated Ports
---------------------------------------------------------------------------------
---------------------------------------------------------------------------------
Finished Renaming Generated Ports : Time (s): cpu = 00:01:01 ; elapsed = 00:01:04 . Memory (MB): peak = 1010.188 ; gain = 5.926
---------------------------------------------------------------------------------
---------------------------------------------------------------------------------
Start Handling Custom Attributes
---------------------------------------------------------------------------------
---------------------------------------------------------------------------------
Finished Handling Custom Attributes : Time (s): cpu = 00:01:01 ; elapsed = 00:01:04 . Memory (MB): peak = 1010.188 ; gain = 5.926
---------------------------------------------------------------------------------
---------------------------------------------------------------------------------
Start Renaming Generated Nets
---------------------------------------------------------------------------------
---------------------------------------------------------------------------------
Finished Renaming Generated Nets : Time (s): cpu = 00:01:01 ; elapsed = 00:01:04 . Memory (MB): peak = 1010.188 ; gain = 5.926
---------------------------------------------------------------------------------
---------------------------------------------------------------------------------
Start Writing Synthesis Report
---------------------------------------------------------------------------------

Report BlackBoxes: 
+-+--------------+----------+
| |BlackBox name |Instances |
+-+--------------+----------+
+-+--------------+----------+

Report Cell Usage: 
+------+-----+------+
|      |Cell |Count |
+------+-----+------+
|1     |BUFG |     1|
|2     |LUT6 |     9|
|3     |FDRE |    14|
|4     |IBUF |    11|
|5     |OBUF |    10|
+------+-----+------+
---------------------------------------------------------------------------------
Finished Writing Synthesis Report : Time (s): cpu = 00:01:01 ; elapsed = 00:01:04 . Memory (MB): peak = 1010.188 ; gain = 5.926
---------------------------------------------------------------------------------
Synthesis finished with 0 errors, 0 critical warnings and 0 warnings.
Synthesis Optimization Runtime : Time (s): cpu = 00:00:42 ; elapsed = 00:00:58 . Memory (MB): peak = 1010.188 ; gain = 5.926
Synthesis Optimization Complete : Time (s): cpu = 00:01:01 ; elapsed = 00:01:04 . Memory (MB): peak = 1010.188 ; gain = 5.926
INFO: [Project 1-571] Translating synthesized netlist
Netlist sorting complete. Time (s): cpu = 00:00:00 ; elapsed = 00:00:00.001 . Memory (MB): peak = 1010.188 ; gain = 0.000
INFO: [Project 1-570] Preparing netlist for logic optimization
INFO: [Opt 31-138] Pushed 0 inverter(s) to 0 load pin(s).
Netlist sorting complete. Time (s): cpu = 00:00:00 ; elapsed = 00:00:00.001 . Memory (MB): peak = 1020.723 ; gain = 0.000
INFO: [Project 1-111] Unisim Transformation Summary:
No Unisim elements were transformed.

INFO: [Common 17-83] Releasing license: Synthesis
22 Infos, 0 Warnings, 0 Critical Warnings and 0 Errors encountered.
synth_design completed successfully
synth_design: Time (s): cpu = 00:01:15 ; elapsed = 00:01:20 . Memory (MB): peak = 1020.723 ; gain = 16.461
INFO: [Common 17-1381] The checkpoint 'C:/Users/raimo/Desktop/esercizio_2_timing/esercizio_2.runs/synth_1/encoder_timing.dcp' has been generated.
INFO: [runtcl-4] Executing : report_utilization -file encoder_timing_utilization_synth.rpt -pb encoder_timing_utilization_synth.pb
INFO: [Common 17-206] Exiting Vivado at Fri Jan  7 17:35:43 2022...
