
*** Running vivado
    with args -log rete_16_4.vds -m64 -product Vivado -mode batch -messageDb vivado.pb -notrace -source rete_16_4.tcl



****** Vivado v2020.2 (64-bit)
  **** SW Build 3064766 on Wed Nov 18 09:12:45 MST 2020
  **** IP Build 3064653 on Wed Nov 18 14:17:31 MST 2020
    ** Copyright 1986-2020 Xilinx, Inc. All Rights Reserved.

source rete_16_4.tcl -notrace
Command: synth_design -top rete_16_4 -part xc7a100tcsg324-1 -directive AreaOptimized_high -control_set_opt_threshold 1
Starting synth_design
Attempting to get a license for feature 'Synthesis' and/or device 'xc7a100t'
INFO: [Common 17-349] Got license for feature 'Synthesis' and/or device 'xc7a100t'
INFO: [Device 21-403] Loading part xc7a100tcsg324-1
INFO: [Synth 8-7079] Multithreading enabled for synth_design using a maximum of 2 processes.
INFO: [Synth 8-7078] Launching helper process for spawning children vivado processes
INFO: [Synth 8-7075] Helper process launched with PID 25364
---------------------------------------------------------------------------------
Starting RTL Elaboration : Time (s): cpu = 00:00:04 ; elapsed = 00:00:04 . Memory (MB): peak = 1009.781 ; gain = 0.000
---------------------------------------------------------------------------------
INFO: [Synth 8-638] synthesizing module 'rete_16_4' [C:/Users/Vincenzo Pascarella/Desktop/Universit/Magistrale/Architettura_S_D/Vivado/progetti_tesina/esercizio1/esercizio1.srcs/sources_1/new/rete_16_4.vhd:43]
INFO: [Synth 8-3491] module 'mux_16_1' declared at 'C:/Users/Vincenzo Pascarella/Desktop/Universit/Magistrale/Architettura_S_D/Vivado/project_esercizio1/project_esercizio1.srcs/sources_1/new/mux_16_1.vhd:34' bound to instance 'comp1' of component 'mux_16_1' [C:/Users/Vincenzo Pascarella/Desktop/Universit/Magistrale/Architettura_S_D/Vivado/progetti_tesina/esercizio1/esercizio1.srcs/sources_1/new/rete_16_4.vhd:65]
INFO: [Synth 8-638] synthesizing module 'mux_16_1' [C:/Users/Vincenzo Pascarella/Desktop/Universit/Magistrale/Architettura_S_D/Vivado/project_esercizio1/project_esercizio1.srcs/sources_1/new/mux_16_1.vhd:42]
INFO: [Synth 8-3491] module 'mux_4_1' declared at 'C:/Users/Vincenzo Pascarella/Desktop/Universit/Magistrale/Architettura_S_D/Vivado/project_esercizio1/project_esercizio1.srcs/sources_1/new/mux_4_1.vhd:34' bound to instance 'm' of component 'mux_4_1' [C:/Users/Vincenzo Pascarella/Desktop/Universit/Magistrale/Architettura_S_D/Vivado/project_esercizio1/project_esercizio1.srcs/sources_1/new/mux_16_1.vhd:55]
INFO: [Synth 8-638] synthesizing module 'mux_4_1' [C:/Users/Vincenzo Pascarella/Desktop/Universit/Magistrale/Architettura_S_D/Vivado/project_esercizio1/project_esercizio1.srcs/sources_1/new/mux_4_1.vhd:42]
INFO: [Synth 8-226] default block is never used [C:/Users/Vincenzo Pascarella/Desktop/Universit/Magistrale/Architettura_S_D/Vivado/project_esercizio1/project_esercizio1.srcs/sources_1/new/mux_4_1.vhd:45]
INFO: [Synth 8-256] done synthesizing module 'mux_4_1' (1#1) [C:/Users/Vincenzo Pascarella/Desktop/Universit/Magistrale/Architettura_S_D/Vivado/project_esercizio1/project_esercizio1.srcs/sources_1/new/mux_4_1.vhd:42]
INFO: [Synth 8-3491] module 'mux_4_1' declared at 'C:/Users/Vincenzo Pascarella/Desktop/Universit/Magistrale/Architettura_S_D/Vivado/project_esercizio1/project_esercizio1.srcs/sources_1/new/mux_4_1.vhd:34' bound to instance 'm' of component 'mux_4_1' [C:/Users/Vincenzo Pascarella/Desktop/Universit/Magistrale/Architettura_S_D/Vivado/project_esercizio1/project_esercizio1.srcs/sources_1/new/mux_16_1.vhd:55]
INFO: [Synth 8-3491] module 'mux_4_1' declared at 'C:/Users/Vincenzo Pascarella/Desktop/Universit/Magistrale/Architettura_S_D/Vivado/project_esercizio1/project_esercizio1.srcs/sources_1/new/mux_4_1.vhd:34' bound to instance 'm' of component 'mux_4_1' [C:/Users/Vincenzo Pascarella/Desktop/Universit/Magistrale/Architettura_S_D/Vivado/project_esercizio1/project_esercizio1.srcs/sources_1/new/mux_16_1.vhd:55]
INFO: [Synth 8-3491] module 'mux_4_1' declared at 'C:/Users/Vincenzo Pascarella/Desktop/Universit/Magistrale/Architettura_S_D/Vivado/project_esercizio1/project_esercizio1.srcs/sources_1/new/mux_4_1.vhd:34' bound to instance 'm' of component 'mux_4_1' [C:/Users/Vincenzo Pascarella/Desktop/Universit/Magistrale/Architettura_S_D/Vivado/project_esercizio1/project_esercizio1.srcs/sources_1/new/mux_16_1.vhd:55]
INFO: [Synth 8-3491] module 'mux_4_1' declared at 'C:/Users/Vincenzo Pascarella/Desktop/Universit/Magistrale/Architettura_S_D/Vivado/project_esercizio1/project_esercizio1.srcs/sources_1/new/mux_4_1.vhd:34' bound to instance 'mux_4' of component 'mux_4_1' [C:/Users/Vincenzo Pascarella/Desktop/Universit/Magistrale/Architettura_S_D/Vivado/project_esercizio1/project_esercizio1.srcs/sources_1/new/mux_16_1.vhd:63]
INFO: [Synth 8-256] done synthesizing module 'mux_16_1' (2#1) [C:/Users/Vincenzo Pascarella/Desktop/Universit/Magistrale/Architettura_S_D/Vivado/project_esercizio1/project_esercizio1.srcs/sources_1/new/mux_16_1.vhd:42]
INFO: [Synth 8-3491] module 'demux_1_4' declared at 'C:/Users/Vincenzo Pascarella/Desktop/Universit/Magistrale/Architettura_S_D/Vivado/progetti_tesina/esercizio1/esercizio1.srcs/sources_1/new/demux_1_4.vhd:34' bound to instance 'comp2' of component 'demux_1_4' [C:/Users/Vincenzo Pascarella/Desktop/Universit/Magistrale/Architettura_S_D/Vivado/progetti_tesina/esercizio1/esercizio1.srcs/sources_1/new/rete_16_4.vhd:72]
INFO: [Synth 8-638] synthesizing module 'demux_1_4' [C:/Users/Vincenzo Pascarella/Desktop/Universit/Magistrale/Architettura_S_D/Vivado/progetti_tesina/esercizio1/esercizio1.srcs/sources_1/new/demux_1_4.vhd:42]
INFO: [Synth 8-256] done synthesizing module 'demux_1_4' (3#1) [C:/Users/Vincenzo Pascarella/Desktop/Universit/Magistrale/Architettura_S_D/Vivado/progetti_tesina/esercizio1/esercizio1.srcs/sources_1/new/demux_1_4.vhd:42]
INFO: [Synth 8-256] done synthesizing module 'rete_16_4' (4#1) [C:/Users/Vincenzo Pascarella/Desktop/Universit/Magistrale/Architettura_S_D/Vivado/progetti_tesina/esercizio1/esercizio1.srcs/sources_1/new/rete_16_4.vhd:43]
---------------------------------------------------------------------------------
Finished RTL Elaboration : Time (s): cpu = 00:00:05 ; elapsed = 00:00:05 . Memory (MB): peak = 1009.781 ; gain = 0.000
---------------------------------------------------------------------------------
---------------------------------------------------------------------------------
Start Handling Custom Attributes
---------------------------------------------------------------------------------
---------------------------------------------------------------------------------
Finished Handling Custom Attributes : Time (s): cpu = 00:00:05 ; elapsed = 00:00:06 . Memory (MB): peak = 1009.781 ; gain = 0.000
---------------------------------------------------------------------------------
---------------------------------------------------------------------------------
Finished RTL Optimization Phase 1 : Time (s): cpu = 00:00:05 ; elapsed = 00:00:06 . Memory (MB): peak = 1009.781 ; gain = 0.000
---------------------------------------------------------------------------------
Netlist sorting complete. Time (s): cpu = 00:00:00 ; elapsed = 00:00:00 . Memory (MB): peak = 1009.781 ; gain = 0.000
INFO: [Project 1-570] Preparing netlist for logic optimization

Processing XDC Constraints
Initializing timing engine
Parsing XDC File [C:/Users/Vincenzo Pascarella/Desktop/Universit/Magistrale/Architettura_S_D/Vivado/progetti_tesina/esercizio1/Nexys-A7-100T-Master.xdc]
Finished Parsing XDC File [C:/Users/Vincenzo Pascarella/Desktop/Universit/Magistrale/Architettura_S_D/Vivado/progetti_tesina/esercizio1/Nexys-A7-100T-Master.xdc]
INFO: [Project 1-236] Implementation specific constraints were found while reading constraint file [C:/Users/Vincenzo Pascarella/Desktop/Universit/Magistrale/Architettura_S_D/Vivado/progetti_tesina/esercizio1/Nexys-A7-100T-Master.xdc]. These constraints will be ignored for synthesis but will be used in implementation. Impacted constraints are listed in the file [.Xil/rete_16_4_propImpl.xdc].
Resolution: To avoid this warning, move constraints listed in [.Xil/rete_16_4_propImpl.xdc] to another XDC file and exclude this new file from synthesis with the used_in_synthesis property (File Properties dialog in GUI) and re-run elaboration/synthesis.
Completed Processing XDC Constraints

Netlist sorting complete. Time (s): cpu = 00:00:00 ; elapsed = 00:00:00 . Memory (MB): peak = 1009.781 ; gain = 0.000
INFO: [Project 1-111] Unisim Transformation Summary:
No Unisim elements were transformed.

Constraint Validation Runtime : Time (s): cpu = 00:00:00 ; elapsed = 00:00:00.002 . Memory (MB): peak = 1009.781 ; gain = 0.000
---------------------------------------------------------------------------------
Finished Constraint Validation : Time (s): cpu = 00:00:11 ; elapsed = 00:00:12 . Memory (MB): peak = 1009.781 ; gain = 0.000
---------------------------------------------------------------------------------
---------------------------------------------------------------------------------
Start Loading Part and Timing Information
---------------------------------------------------------------------------------
Loading part: xc7a100tcsg324-1
---------------------------------------------------------------------------------
Finished Loading Part and Timing Information : Time (s): cpu = 00:00:11 ; elapsed = 00:00:12 . Memory (MB): peak = 1009.781 ; gain = 0.000
---------------------------------------------------------------------------------
---------------------------------------------------------------------------------
Start Applying 'set_property' XDC Constraints
---------------------------------------------------------------------------------
---------------------------------------------------------------------------------
Finished applying 'set_property' XDC Constraints : Time (s): cpu = 00:00:11 ; elapsed = 00:00:12 . Memory (MB): peak = 1009.781 ; gain = 0.000
---------------------------------------------------------------------------------
---------------------------------------------------------------------------------
Finished RTL Optimization Phase 2 : Time (s): cpu = 00:00:11 ; elapsed = 00:00:12 . Memory (MB): peak = 1009.781 ; gain = 0.000
---------------------------------------------------------------------------------
---------------------------------------------------------------------------------
Start RTL Component Statistics 
---------------------------------------------------------------------------------
Detailed RTL Component Info : 
+---Muxes : 
	   2 Input    4 Bit        Muxes := 3     
	   4 Input    1 Bit        Muxes := 5     
---------------------------------------------------------------------------------
Finished RTL Component Statistics 
---------------------------------------------------------------------------------
---------------------------------------------------------------------------------
Start Part Resource Summary
---------------------------------------------------------------------------------
Part Resources:
DSPs: 240 (col length:80)
BRAMs: 270 (col length: RAMB18 80 RAMB36 40)
---------------------------------------------------------------------------------
Finished Part Resource Summary
---------------------------------------------------------------------------------
---------------------------------------------------------------------------------
Start Cross Boundary and Area Optimization
---------------------------------------------------------------------------------
---------------------------------------------------------------------------------
Finished Cross Boundary and Area Optimization : Time (s): cpu = 00:00:13 ; elapsed = 00:00:14 . Memory (MB): peak = 1009.781 ; gain = 0.000
---------------------------------------------------------------------------------
---------------------------------------------------------------------------------
Start Applying XDC Timing Constraints
---------------------------------------------------------------------------------
---------------------------------------------------------------------------------
Finished Applying XDC Timing Constraints : Time (s): cpu = 00:00:18 ; elapsed = 00:00:19 . Memory (MB): peak = 1009.781 ; gain = 0.000
---------------------------------------------------------------------------------
---------------------------------------------------------------------------------
Start Timing Optimization
---------------------------------------------------------------------------------
---------------------------------------------------------------------------------
Finished Timing Optimization : Time (s): cpu = 00:00:18 ; elapsed = 00:00:19 . Memory (MB): peak = 1009.781 ; gain = 0.000
---------------------------------------------------------------------------------
---------------------------------------------------------------------------------
Start Technology Mapping
---------------------------------------------------------------------------------
---------------------------------------------------------------------------------
Finished Technology Mapping : Time (s): cpu = 00:00:18 ; elapsed = 00:00:19 . Memory (MB): peak = 1019.516 ; gain = 9.734
---------------------------------------------------------------------------------
---------------------------------------------------------------------------------
Start IO Insertion
---------------------------------------------------------------------------------
---------------------------------------------------------------------------------
Start Flattening Before IO Insertion
---------------------------------------------------------------------------------
---------------------------------------------------------------------------------
Finished Flattening Before IO Insertion
---------------------------------------------------------------------------------
---------------------------------------------------------------------------------
Start Final Netlist Cleanup
---------------------------------------------------------------------------------
---------------------------------------------------------------------------------
Finished Final Netlist Cleanup
---------------------------------------------------------------------------------
---------------------------------------------------------------------------------
Finished IO Insertion : Time (s): cpu = 00:00:22 ; elapsed = 00:00:23 . Memory (MB): peak = 1026.320 ; gain = 16.539
---------------------------------------------------------------------------------
---------------------------------------------------------------------------------
Start Renaming Generated Instances
---------------------------------------------------------------------------------
---------------------------------------------------------------------------------
Finished Renaming Generated Instances : Time (s): cpu = 00:00:22 ; elapsed = 00:00:23 . Memory (MB): peak = 1026.320 ; gain = 16.539
---------------------------------------------------------------------------------
---------------------------------------------------------------------------------
Start Rebuilding User Hierarchy
---------------------------------------------------------------------------------
---------------------------------------------------------------------------------
Finished Rebuilding User Hierarchy : Time (s): cpu = 00:00:22 ; elapsed = 00:00:23 . Memory (MB): peak = 1026.320 ; gain = 16.539
---------------------------------------------------------------------------------
---------------------------------------------------------------------------------
Start Renaming Generated Ports
---------------------------------------------------------------------------------
---------------------------------------------------------------------------------
Finished Renaming Generated Ports : Time (s): cpu = 00:00:22 ; elapsed = 00:00:23 . Memory (MB): peak = 1026.320 ; gain = 16.539
---------------------------------------------------------------------------------
---------------------------------------------------------------------------------
Start Handling Custom Attributes
---------------------------------------------------------------------------------
---------------------------------------------------------------------------------
Finished Handling Custom Attributes : Time (s): cpu = 00:00:22 ; elapsed = 00:00:23 . Memory (MB): peak = 1026.320 ; gain = 16.539
---------------------------------------------------------------------------------
---------------------------------------------------------------------------------
Start Renaming Generated Nets
---------------------------------------------------------------------------------
---------------------------------------------------------------------------------
Finished Renaming Generated Nets : Time (s): cpu = 00:00:22 ; elapsed = 00:00:23 . Memory (MB): peak = 1026.320 ; gain = 16.539
---------------------------------------------------------------------------------
---------------------------------------------------------------------------------
Start Writing Synthesis Report
---------------------------------------------------------------------------------

Report BlackBoxes: 
+-+--------------+----------+
| |BlackBox name |Instances |
+-+--------------+----------+
+-+--------------+----------+

Report Cell Usage: 
+------+-----+------+
|      |Cell |Count |
+------+-----+------+
|1     |LUT5 |     4|
|2     |IBUF |     5|
|3     |OBUF |     4|
+------+-----+------+
---------------------------------------------------------------------------------
Finished Writing Synthesis Report : Time (s): cpu = 00:00:22 ; elapsed = 00:00:23 . Memory (MB): peak = 1026.320 ; gain = 16.539
---------------------------------------------------------------------------------
Synthesis finished with 0 errors, 0 critical warnings and 0 warnings.
Synthesis Optimization Runtime : Time (s): cpu = 00:00:15 ; elapsed = 00:00:21 . Memory (MB): peak = 1026.320 ; gain = 16.539
Synthesis Optimization Complete : Time (s): cpu = 00:00:22 ; elapsed = 00:00:23 . Memory (MB): peak = 1026.320 ; gain = 16.539
INFO: [Project 1-571] Translating synthesized netlist
Netlist sorting complete. Time (s): cpu = 00:00:00 ; elapsed = 00:00:00.001 . Memory (MB): peak = 1026.320 ; gain = 0.000
INFO: [Project 1-570] Preparing netlist for logic optimization
INFO: [Opt 31-138] Pushed 0 inverter(s) to 0 load pin(s).
Netlist sorting complete. Time (s): cpu = 00:00:00 ; elapsed = 00:00:00 . Memory (MB): peak = 1037.008 ; gain = 0.000
INFO: [Project 1-111] Unisim Transformation Summary:
No Unisim elements were transformed.

INFO: [Common 17-83] Releasing license: Synthesis
29 Infos, 0 Warnings, 0 Critical Warnings and 0 Errors encountered.
synth_design completed successfully
synth_design: Time (s): cpu = 00:00:27 ; elapsed = 00:00:29 . Memory (MB): peak = 1037.008 ; gain = 27.227
INFO: [Common 17-1381] The checkpoint 'C:/Users/Vincenzo Pascarella/Desktop/Universit/Magistrale/Architettura_S_D/Vivado/progetti_tesina/esercizio1/esercizio1.runs/synth_3/rete_16_4.dcp' has been generated.
INFO: [runtcl-4] Executing : report_utilization -file rete_16_4_utilization_synth.rpt -pb rete_16_4_utilization_synth.pb
INFO: [Common 17-206] Exiting Vivado at Wed Nov 10 09:51:51 2021...
