#-----------------------------------------------------------
# Vivado v2020.2 (64-bit)
# SW Build 3064766 on Wed Nov 18 09:12:45 MST 2020
# IP Build 3064653 on Wed Nov 18 14:17:31 MST 2020
# Start of session at: Wed Dec 15 00:23:27 2021
# Process ID: 916
# Current directory: C:/Users/raimo/Desktop/Progetti_Tesina/esercizio1
# Command line: vivado.exe -gui_launcher_event rodinguilauncherevent4392 C:\Users\raimo\Desktop\Progetti_Tesina\esercizio1\esercizio1.xpr
# Log file: C:/Users/raimo/Desktop/Progetti_Tesina/esercizio1/vivado.log
# Journal file: C:/Users/raimo/Desktop/Progetti_Tesina/esercizio1\vivado.jou
#-----------------------------------------------------------
start_gui
open_project C:/Users/raimo/Desktop/Progetti_Tesina/esercizio1/esercizio1.xpr
WARNING: [filemgmt 56-3] Default IP Output Path : Could not find the directory 'C:/Users/raimo/Desktop/Progetti_Tesina/esercizio1/esercizio1.gen/sources_1'.
Scanning sources...
Finished scanning sources
INFO: [IP_Flow 19-234] Refreshing IP repositories
INFO: [IP_Flow 19-1704] No user IP repositories specified
INFO: [IP_Flow 19-2313] Loaded Vivado IP repository 'C:/Xilinx/Vivado/2020.2/data/ip'.
open_project: Time (s): cpu = 00:00:22 ; elapsed = 00:00:08 . Memory (MB): peak = 1005.789 ; gain = 0.000
update_compile_order -fileset sources_1
exit
INFO: [Common 17-206] Exiting Vivado at Wed Dec 15 00:45:47 2021...
