#-----------------------------------------------------------
# Vivado v2020.2 (64-bit)
# SW Build 3064766 on Wed Nov 18 09:12:45 MST 2020
# IP Build 3064653 on Wed Nov 18 14:17:31 MST 2020
# Start of session at: Tue Dec 14 11:09:18 2021
# Process ID: 11252
# Current directory: C:/Users/raimo/Desktop/Progetti_Tesina/esercizio1
# Command line: vivado.exe -gui_launcher_event rodinguilauncherevent13160 C:\Users\raimo\Desktop\Progetti_Tesina\esercizio1\esercizio1.xpr
# Log file: C:/Users/raimo/Desktop/Progetti_Tesina/esercizio1/vivado.log
# Journal file: C:/Users/raimo/Desktop/Progetti_Tesina/esercizio1\vivado.jou
#-----------------------------------------------------------
start_gui
open_project C:/Users/raimo/Desktop/Progetti_Tesina/esercizio1/esercizio1.xpr
WARNING: [filemgmt 56-3] Default IP Output Path : Could not find the directory 'C:/Users/raimo/Desktop/Progetti_Tesina/esercizio1/esercizio1.gen/sources_1'.
Scanning sources...
Finished scanning sources
INFO: [IP_Flow 19-234] Refreshing IP repositories
INFO: [IP_Flow 19-1704] No user IP repositories specified
INFO: [IP_Flow 19-2313] Loaded Vivado IP repository 'C:/Xilinx/Vivado/2020.2/data/ip'.
open_project: Time (s): cpu = 00:00:20 ; elapsed = 00:00:07 . Memory (MB): peak = 1191.492 ; gain = 0.000
update_compile_order -fileset sources_1
launch_simulation
Command: launch_simulation 
INFO: [Vivado 12-5682] Launching behavioral simulation in 'C:/Users/raimo/Desktop/Progetti_Tesina/esercizio1/esercizio1.sim/sim_1/behav/xsim'
INFO: [SIM-utils-51] Simulation object is 'sim_1'
INFO: [SIM-utils-54] Inspecting design source files for 'TB_mux_16_1' in fileset 'sim_1'...
INFO: [USF-XSim-97] Finding global include files...
INFO: [USF-XSim-98] Fetching design files from 'sim_1'...
INFO: [USF-XSim-2] XSim::Compile design
INFO: [USF-XSim-61] Executing 'COMPILE and ANALYZE' step in 'C:/Users/raimo/Desktop/Progetti_Tesina/esercizio1/esercizio1.sim/sim_1/behav/xsim'
"xvhdl --incr --relax -prj TB_mux_16_1_vhdl.prj"
INFO: [VRFC 10-163] Analyzing VHDL file "C:/Users/raimo/Desktop/Progetti_Tesina/esercizio1/esercizio1.srcs/sim_1/new/TB_16_1.vhd" into library xil_defaultlib
INFO: [VRFC 10-3107] analyzing entity 'TB_mux_16_1'
ERROR: [VRFC 10-724] found '0' definitions of operator "<=", cannot determine exact overloaded matching definition for "<=" [C:/Users/raimo/Desktop/Progetti_Tesina/esercizio1/esercizio1.srcs/sim_1/new/TB_16_1.vhd:70]
ERROR: [VRFC 10-724] found '0' definitions of operator "<=", cannot determine exact overloaded matching definition for "<=" [C:/Users/raimo/Desktop/Progetti_Tesina/esercizio1/esercizio1.srcs/sim_1/new/TB_16_1.vhd:77]
ERROR: [VRFC 10-3782] unit 'behavioral' ignored due to previous errors [C:/Users/raimo/Desktop/Progetti_Tesina/esercizio1/esercizio1.srcs/sim_1/new/TB_16_1.vhd:38]
INFO: [VRFC 10-3070] VHDL file 'C:/Users/raimo/Desktop/Progetti_Tesina/esercizio1/esercizio1.srcs/sim_1/new/TB_16_1.vhd' ignored due to errors
INFO: [USF-XSim-69] 'compile' step finished in '4' seconds
INFO: [USF-XSim-99] Step results log file:'C:/Users/raimo/Desktop/Progetti_Tesina/esercizio1/esercizio1.sim/sim_1/behav/xsim/xvhdl.log'
ERROR: [USF-XSim-62] 'compile' step failed with error(s). Please check the Tcl console output or 'C:/Users/raimo/Desktop/Progetti_Tesina/esercizio1/esercizio1.sim/sim_1/behav/xsim/xvhdl.log' file for more information.
ERROR: [Vivado 12-4473] Detected error while running simulation. Please correct the issue and retry this operation.
launch_simulation: Time (s): cpu = 00:00:03 ; elapsed = 00:00:05 . Memory (MB): peak = 1191.492 ; gain = 0.000
ERROR: [Common 17-39] 'launch_simulation' failed due to earlier errors.
launch_simulation
Command: launch_simulation 
INFO: [Vivado 12-5682] Launching behavioral simulation in 'C:/Users/raimo/Desktop/Progetti_Tesina/esercizio1/esercizio1.sim/sim_1/behav/xsim'
INFO: [SIM-utils-51] Simulation object is 'sim_1'
INFO: [SIM-utils-54] Inspecting design source files for 'TB_mux_16_1' in fileset 'sim_1'...
INFO: [USF-XSim-97] Finding global include files...
INFO: [USF-XSim-98] Fetching design files from 'sim_1'...
INFO: [USF-XSim-2] XSim::Compile design
INFO: [USF-XSim-61] Executing 'COMPILE and ANALYZE' step in 'C:/Users/raimo/Desktop/Progetti_Tesina/esercizio1/esercizio1.sim/sim_1/behav/xsim'
"xvhdl --incr --relax -prj TB_mux_16_1_vhdl.prj"
INFO: [VRFC 10-163] Analyzing VHDL file "C:/Users/raimo/Desktop/Progetti_Tesina/esercizio1/esercizio1.srcs/sim_1/new/TB_16_1.vhd" into library xil_defaultlib
INFO: [VRFC 10-3107] analyzing entity 'TB_mux_16_1'
INFO: [USF-XSim-69] 'compile' step finished in '3' seconds
INFO: [USF-XSim-3] XSim::Elaborate design
INFO: [USF-XSim-61] Executing 'ELABORATE' step in 'C:/Users/raimo/Desktop/Progetti_Tesina/esercizio1/esercizio1.sim/sim_1/behav/xsim'
"xelab -wto 4c4b7178d1374e11856cf6135645a6f3 --incr --debug typical --relax --mt 2 -L xil_defaultlib -L secureip --snapshot TB_mux_16_1_behav xil_defaultlib.TB_mux_16_1 -log elaborate.log"
Vivado Simulator 2020.2
Copyright 1986-1999, 2001-2020 Xilinx, Inc. All Rights Reserved.
Running: C:/Xilinx/Vivado/2020.2/bin/unwrapped/win64.o/xelab.exe -wto 4c4b7178d1374e11856cf6135645a6f3 --incr --debug typical --relax --mt 2 -L xil_defaultlib -L secureip --snapshot TB_mux_16_1_behav xil_defaultlib.TB_mux_16_1 -log elaborate.log 
Using 2 slave threads.
Starting static elaboration
Completed static elaboration
Starting simulation data flow analysis
Completed simulation data flow analysis
Time Resolution for simulation is 1ps
Compiling package std.standard
Compiling package std.textio
Compiling package ieee.std_logic_1164
Compiling architecture behavioral of entity xil_defaultlib.mux_4_1 [mux_4_1_default]
Compiling architecture structural of entity xil_defaultlib.mux_16_1 [mux_16_1_default]
Compiling architecture behavioral of entity xil_defaultlib.tb_mux_16_1
Built simulation snapshot TB_mux_16_1_behav

****** Webtalk v2020.2 (64-bit)
  **** SW Build 3064766 on Wed Nov 18 09:12:45 MST 2020
  **** IP Build 3064653 on Wed Nov 18 14:17:31 MST 2020
    ** Copyright 1986-2020 Xilinx, Inc. All Rights Reserved.

source C:/Users/raimo/Desktop/Progetti_Tesina/esercizio1/esercizio1.sim/sim_1/behav/xsim/xsim.dir/TB_mux_16_1_behav/webtalk/xsim_webtalk.tcl -notrace
INFO: [Common 17-186] 'C:/Users/raimo/Desktop/Progetti_Tesina/esercizio1/esercizio1.sim/sim_1/behav/xsim/xsim.dir/TB_mux_16_1_behav/webtalk/usage_statistics_ext_xsim.xml' has been successfully sent to Xilinx on Tue Dec 14 11:13:43 2021. For additional details about this file, please refer to the WebTalk help file at C:/Xilinx/Vivado/2020.2/doc/webtalk_introduction.html.
webtalk_transmit: Time (s): cpu = 00:00:00 ; elapsed = 00:00:05 . Memory (MB): peak = 116.422 ; gain = 23.480
INFO: [Common 17-206] Exiting Webtalk at Tue Dec 14 11:13:43 2021...
run_program: Time (s): cpu = 00:00:02 ; elapsed = 00:00:14 . Memory (MB): peak = 1191.492 ; gain = 0.000
INFO: [USF-XSim-69] 'elaborate' step finished in '14' seconds
INFO: [USF-XSim-4] XSim::Simulate design
INFO: [USF-XSim-61] Executing 'SIMULATE' step in 'C:/Users/raimo/Desktop/Progetti_Tesina/esercizio1/esercizio1.sim/sim_1/behav/xsim'
INFO: [USF-XSim-98] *** Running xsim
   with args "TB_mux_16_1_behav -key {Behavioral:sim_1:Functional:TB_mux_16_1} -tclbatch {TB_mux_16_1.tcl} -log {simulate.log}"
INFO: [USF-XSim-8] Loading simulator feature
Vivado Simulator 2020.2
Time resolution is 1 ps
source TB_mux_16_1.tcl
# set curr_wave [current_wave_config]
# if { [string length $curr_wave] == 0 } {
#   if { [llength [get_objects]] > 0} {
#     add_wave /
#     set_property needs_save false [current_wave_config]
#   } else {
#      send_msg_id Add_Wave-1 WARNING "No top level signals found. Simulator will start without a wave window. If you want to open a wave window go to 'File->New Waveform Configuration' or type 'create_wave_config' in the TCL console."
#   }
# }
# run 1000ns
Failure: errore0
Time: 20 ns  Iteration: 0  Process: /TB_mux_16_1/stim_proc  File: C:/Users/raimo/Desktop/Progetti_Tesina/esercizio1/esercizio1.srcs/sim_1/new/TB_16_1.vhd
$finish called at time : 20 ns : File "C:/Users/raimo/Desktop/Progetti_Tesina/esercizio1/esercizio1.srcs/sim_1/new/TB_16_1.vhd" Line 72
xsim: Time (s): cpu = 00:00:12 ; elapsed = 00:00:06 . Memory (MB): peak = 1191.492 ; gain = 0.000
INFO: [USF-XSim-96] XSim completed. Design snapshot 'TB_mux_16_1_behav' loaded.
INFO: [USF-XSim-97] XSim simulation ran for 1000ns
launch_simulation: Time (s): cpu = 00:00:17 ; elapsed = 00:00:24 . Memory (MB): peak = 1191.492 ; gain = 0.000
close_sim
INFO: [Simtcl 6-16] Simulation closed
close_sim: Time (s): cpu = 00:00:05 ; elapsed = 00:00:10 . Memory (MB): peak = 1191.492 ; gain = 0.000
launch_simulation
Command: launch_simulation 
INFO: [Vivado 12-5682] Launching behavioral simulation in 'C:/Users/raimo/Desktop/Progetti_Tesina/esercizio1/esercizio1.sim/sim_1/behav/xsim'
INFO: [SIM-utils-51] Simulation object is 'sim_1'
INFO: [SIM-utils-54] Inspecting design source files for 'TB_mux_16_1' in fileset 'sim_1'...
INFO: [USF-XSim-97] Finding global include files...
INFO: [USF-XSim-98] Fetching design files from 'sim_1'...
INFO: [USF-XSim-2] XSim::Compile design
INFO: [USF-XSim-61] Executing 'COMPILE and ANALYZE' step in 'C:/Users/raimo/Desktop/Progetti_Tesina/esercizio1/esercizio1.sim/sim_1/behav/xsim'
"xvhdl --incr --relax -prj TB_mux_16_1_vhdl.prj"
INFO: [VRFC 10-163] Analyzing VHDL file "C:/Users/raimo/Desktop/Progetti_Tesina/esercizio1/esercizio1.srcs/sim_1/new/TB_16_1.vhd" into library xil_defaultlib
INFO: [VRFC 10-3107] analyzing entity 'TB_mux_16_1'
INFO: [USF-XSim-69] 'compile' step finished in '3' seconds
INFO: [USF-XSim-3] XSim::Elaborate design
INFO: [USF-XSim-61] Executing 'ELABORATE' step in 'C:/Users/raimo/Desktop/Progetti_Tesina/esercizio1/esercizio1.sim/sim_1/behav/xsim'
"xelab -wto 4c4b7178d1374e11856cf6135645a6f3 --incr --debug typical --relax --mt 2 -L xil_defaultlib -L secureip --snapshot TB_mux_16_1_behav xil_defaultlib.TB_mux_16_1 -log elaborate.log"
Vivado Simulator 2020.2
Copyright 1986-1999, 2001-2020 Xilinx, Inc. All Rights Reserved.
Running: C:/Xilinx/Vivado/2020.2/bin/unwrapped/win64.o/xelab.exe -wto 4c4b7178d1374e11856cf6135645a6f3 --incr --debug typical --relax --mt 2 -L xil_defaultlib -L secureip --snapshot TB_mux_16_1_behav xil_defaultlib.TB_mux_16_1 -log elaborate.log 
Using 2 slave threads.
Starting static elaboration
Completed static elaboration
Starting simulation data flow analysis
Completed simulation data flow analysis
Time Resolution for simulation is 1ps
Compiling package std.standard
Compiling package std.textio
Compiling package ieee.std_logic_1164
Compiling architecture behavioral of entity xil_defaultlib.mux_4_1 [mux_4_1_default]
Compiling architecture structural of entity xil_defaultlib.mux_16_1 [mux_16_1_default]
Compiling architecture behavioral of entity xil_defaultlib.tb_mux_16_1
Built simulation snapshot TB_mux_16_1_behav
INFO: [USF-XSim-69] 'elaborate' step finished in '4' seconds
INFO: [USF-XSim-4] XSim::Simulate design
INFO: [USF-XSim-61] Executing 'SIMULATE' step in 'C:/Users/raimo/Desktop/Progetti_Tesina/esercizio1/esercizio1.sim/sim_1/behav/xsim'
INFO: [USF-XSim-98] *** Running xsim
   with args "TB_mux_16_1_behav -key {Behavioral:sim_1:Functional:TB_mux_16_1} -tclbatch {TB_mux_16_1.tcl} -log {simulate.log}"
INFO: [USF-XSim-8] Loading simulator feature
Vivado Simulator 2020.2
Time resolution is 1 ps
source TB_mux_16_1.tcl
# set curr_wave [current_wave_config]
# if { [string length $curr_wave] == 0 } {
#   if { [llength [get_objects]] > 0} {
#     add_wave /
#     set_property needs_save false [current_wave_config]
#   } else {
#      send_msg_id Add_Wave-1 WARNING "No top level signals found. Simulator will start without a wave window. If you want to open a wave window go to 'File->New Waveform Configuration' or type 'create_wave_config' in the TCL console."
#   }
# }
# run 1000ns
Failure: errore0
Time: 20 ns  Iteration: 0  Process: /TB_mux_16_1/stim_proc  File: C:/Users/raimo/Desktop/Progetti_Tesina/esercizio1/esercizio1.srcs/sim_1/new/TB_16_1.vhd
$finish called at time : 20 ns : File "C:/Users/raimo/Desktop/Progetti_Tesina/esercizio1/esercizio1.srcs/sim_1/new/TB_16_1.vhd" Line 72
xsim: Time (s): cpu = 00:00:08 ; elapsed = 00:00:05 . Memory (MB): peak = 1191.492 ; gain = 0.000
INFO: [USF-XSim-96] XSim completed. Design snapshot 'TB_mux_16_1_behav' loaded.
INFO: [USF-XSim-97] XSim simulation ran for 1000ns
launch_simulation: Time (s): cpu = 00:00:10 ; elapsed = 00:00:13 . Memory (MB): peak = 1191.492 ; gain = 0.000
close_sim
INFO: [Simtcl 6-16] Simulation closed
launch_simulation
Command: launch_simulation 
INFO: [Vivado 12-5682] Launching behavioral simulation in 'C:/Users/raimo/Desktop/Progetti_Tesina/esercizio1/esercizio1.sim/sim_1/behav/xsim'
INFO: [SIM-utils-51] Simulation object is 'sim_1'
INFO: [SIM-utils-54] Inspecting design source files for 'TB_mux_16_1' in fileset 'sim_1'...
INFO: [USF-XSim-97] Finding global include files...
INFO: [USF-XSim-98] Fetching design files from 'sim_1'...
INFO: [USF-XSim-2] XSim::Compile design
INFO: [USF-XSim-61] Executing 'COMPILE and ANALYZE' step in 'C:/Users/raimo/Desktop/Progetti_Tesina/esercizio1/esercizio1.sim/sim_1/behav/xsim'
"xvhdl --incr --relax -prj TB_mux_16_1_vhdl.prj"
INFO: [VRFC 10-163] Analyzing VHDL file "C:/Users/raimo/Desktop/Progetti_Tesina/esercizio1/esercizio1.srcs/sim_1/new/TB_16_1.vhd" into library xil_defaultlib
INFO: [VRFC 10-3107] analyzing entity 'TB_mux_16_1'
INFO: [USF-XSim-69] 'compile' step finished in '3' seconds
INFO: [USF-XSim-3] XSim::Elaborate design
INFO: [USF-XSim-61] Executing 'ELABORATE' step in 'C:/Users/raimo/Desktop/Progetti_Tesina/esercizio1/esercizio1.sim/sim_1/behav/xsim'
"xelab -wto 4c4b7178d1374e11856cf6135645a6f3 --incr --debug typical --relax --mt 2 -L xil_defaultlib -L secureip --snapshot TB_mux_16_1_behav xil_defaultlib.TB_mux_16_1 -log elaborate.log"
Vivado Simulator 2020.2
Copyright 1986-1999, 2001-2020 Xilinx, Inc. All Rights Reserved.
Running: C:/Xilinx/Vivado/2020.2/bin/unwrapped/win64.o/xelab.exe -wto 4c4b7178d1374e11856cf6135645a6f3 --incr --debug typical --relax --mt 2 -L xil_defaultlib -L secureip --snapshot TB_mux_16_1_behav xil_defaultlib.TB_mux_16_1 -log elaborate.log 
Using 2 slave threads.
Starting static elaboration
Completed static elaboration
Starting simulation data flow analysis
Completed simulation data flow analysis
Time Resolution for simulation is 1ps
Compiling package std.standard
Compiling package std.textio
Compiling package ieee.std_logic_1164
Compiling architecture behavioral of entity xil_defaultlib.mux_4_1 [mux_4_1_default]
Compiling architecture structural of entity xil_defaultlib.mux_16_1 [mux_16_1_default]
Compiling architecture behavioral of entity xil_defaultlib.tb_mux_16_1
Built simulation snapshot TB_mux_16_1_behav
INFO: [USF-XSim-69] 'elaborate' step finished in '4' seconds
INFO: [USF-XSim-4] XSim::Simulate design
INFO: [USF-XSim-61] Executing 'SIMULATE' step in 'C:/Users/raimo/Desktop/Progetti_Tesina/esercizio1/esercizio1.sim/sim_1/behav/xsim'
INFO: [USF-XSim-98] *** Running xsim
   with args "TB_mux_16_1_behav -key {Behavioral:sim_1:Functional:TB_mux_16_1} -tclbatch {TB_mux_16_1.tcl} -log {simulate.log}"
INFO: [USF-XSim-8] Loading simulator feature
Vivado Simulator 2020.2
Time resolution is 1 ps
source TB_mux_16_1.tcl
# set curr_wave [current_wave_config]
# if { [string length $curr_wave] == 0 } {
#   if { [llength [get_objects]] > 0} {
#     add_wave /
#     set_property needs_save false [current_wave_config]
#   } else {
#      send_msg_id Add_Wave-1 WARNING "No top level signals found. Simulator will start without a wave window. If you want to open a wave window go to 'File->New Waveform Configuration' or type 'create_wave_config' in the TCL console."
#   }
# }
# run 1000ns
Failure: errore0
Time: 20 ns  Iteration: 0  Process: /TB_mux_16_1/stim_proc  File: C:/Users/raimo/Desktop/Progetti_Tesina/esercizio1/esercizio1.srcs/sim_1/new/TB_16_1.vhd
$finish called at time : 20 ns : File "C:/Users/raimo/Desktop/Progetti_Tesina/esercizio1/esercizio1.srcs/sim_1/new/TB_16_1.vhd" Line 72
INFO: [USF-XSim-96] XSim completed. Design snapshot 'TB_mux_16_1_behav' loaded.
INFO: [USF-XSim-97] XSim simulation ran for 1000ns
launch_simulation: Time (s): cpu = 00:00:09 ; elapsed = 00:00:13 . Memory (MB): peak = 1191.492 ; gain = 0.000
close_sim
INFO: [Simtcl 6-16] Simulation closed
launch_simulation
Command: launch_simulation 
INFO: [Vivado 12-5682] Launching behavioral simulation in 'C:/Users/raimo/Desktop/Progetti_Tesina/esercizio1/esercizio1.sim/sim_1/behav/xsim'
INFO: [SIM-utils-51] Simulation object is 'sim_1'
INFO: [SIM-utils-54] Inspecting design source files for 'TB_mux_16_1' in fileset 'sim_1'...
INFO: [USF-XSim-97] Finding global include files...
INFO: [USF-XSim-98] Fetching design files from 'sim_1'...
INFO: [USF-XSim-2] XSim::Compile design
INFO: [USF-XSim-61] Executing 'COMPILE and ANALYZE' step in 'C:/Users/raimo/Desktop/Progetti_Tesina/esercizio1/esercizio1.sim/sim_1/behav/xsim'
"xvhdl --incr --relax -prj TB_mux_16_1_vhdl.prj"
INFO: [VRFC 10-163] Analyzing VHDL file "C:/Users/raimo/Desktop/Progetti_Tesina/esercizio1/esercizio1.srcs/sim_1/new/TB_16_1.vhd" into library xil_defaultlib
INFO: [VRFC 10-3107] analyzing entity 'TB_mux_16_1'
INFO: [USF-XSim-69] 'compile' step finished in '3' seconds
INFO: [USF-XSim-3] XSim::Elaborate design
INFO: [USF-XSim-61] Executing 'ELABORATE' step in 'C:/Users/raimo/Desktop/Progetti_Tesina/esercizio1/esercizio1.sim/sim_1/behav/xsim'
"xelab -wto 4c4b7178d1374e11856cf6135645a6f3 --incr --debug typical --relax --mt 2 -L xil_defaultlib -L secureip --snapshot TB_mux_16_1_behav xil_defaultlib.TB_mux_16_1 -log elaborate.log"
Vivado Simulator 2020.2
Copyright 1986-1999, 2001-2020 Xilinx, Inc. All Rights Reserved.
Running: C:/Xilinx/Vivado/2020.2/bin/unwrapped/win64.o/xelab.exe -wto 4c4b7178d1374e11856cf6135645a6f3 --incr --debug typical --relax --mt 2 -L xil_defaultlib -L secureip --snapshot TB_mux_16_1_behav xil_defaultlib.TB_mux_16_1 -log elaborate.log 
Using 2 slave threads.
Starting static elaboration
Completed static elaboration
Starting simulation data flow analysis
Completed simulation data flow analysis
Time Resolution for simulation is 1ps
Compiling package std.standard
Compiling package std.textio
Compiling package ieee.std_logic_1164
Compiling architecture behavioral of entity xil_defaultlib.mux_4_1 [mux_4_1_default]
Compiling architecture structural of entity xil_defaultlib.mux_16_1 [mux_16_1_default]
Compiling architecture behavioral of entity xil_defaultlib.tb_mux_16_1
Built simulation snapshot TB_mux_16_1_behav
INFO: [USF-XSim-69] 'elaborate' step finished in '5' seconds
INFO: [USF-XSim-4] XSim::Simulate design
INFO: [USF-XSim-61] Executing 'SIMULATE' step in 'C:/Users/raimo/Desktop/Progetti_Tesina/esercizio1/esercizio1.sim/sim_1/behav/xsim'
INFO: [USF-XSim-98] *** Running xsim
   with args "TB_mux_16_1_behav -key {Behavioral:sim_1:Functional:TB_mux_16_1} -tclbatch {TB_mux_16_1.tcl} -log {simulate.log}"
INFO: [USF-XSim-8] Loading simulator feature
Vivado Simulator 2020.2
Time resolution is 1 ps
source TB_mux_16_1.tcl
# set curr_wave [current_wave_config]
# if { [string length $curr_wave] == 0 } {
#   if { [llength [get_objects]] > 0} {
#     add_wave /
#     set_property needs_save false [current_wave_config]
#   } else {
#      send_msg_id Add_Wave-1 WARNING "No top level signals found. Simulator will start without a wave window. If you want to open a wave window go to 'File->New Waveform Configuration' or type 'create_wave_config' in the TCL console."
#   }
# }
# run 1000ns
xsim: Time (s): cpu = 00:00:08 ; elapsed = 00:00:05 . Memory (MB): peak = 1191.492 ; gain = 0.000
INFO: [USF-XSim-96] XSim completed. Design snapshot 'TB_mux_16_1_behav' loaded.
INFO: [USF-XSim-97] XSim simulation ran for 1000ns
launch_simulation: Time (s): cpu = 00:00:09 ; elapsed = 00:00:13 . Memory (MB): peak = 1191.492 ; gain = 0.000
close_sim
INFO: [Simtcl 6-16] Simulation closed
exit
INFO: [Common 17-206] Exiting Vivado at Tue Dec 14 11:18:49 2021...
