#-----------------------------------------------------------
# Vivado v2020.2 (64-bit)
# SW Build 3064766 on Wed Nov 18 09:12:45 MST 2020
# IP Build 3064653 on Wed Nov 18 14:17:31 MST 2020
# Start of session at: Tue Dec 14 17:54:05 2021
# Process ID: 2072
# Current directory: C:/Users/raimo/Desktop/Progetti_Tesina/esercizio1
# Command line: vivado.exe -gui_launcher_event rodinguilauncherevent1800 C:\Users\raimo\Desktop\Progetti_Tesina\esercizio1\esercizio1.xpr
# Log file: C:/Users/raimo/Desktop/Progetti_Tesina/esercizio1/vivado.log
# Journal file: C:/Users/raimo/Desktop/Progetti_Tesina/esercizio1\vivado.jou
#-----------------------------------------------------------
start_gui
open_project C:/Users/raimo/Desktop/Progetti_Tesina/esercizio1/esercizio1.xpr
WARNING: [filemgmt 56-3] Default IP Output Path : Could not find the directory 'C:/Users/raimo/Desktop/Progetti_Tesina/esercizio1/esercizio1.gen/sources_1'.
Scanning sources...
Finished scanning sources
INFO: [IP_Flow 19-234] Refreshing IP repositories
INFO: [IP_Flow 19-1704] No user IP repositories specified
INFO: [IP_Flow 19-2313] Loaded Vivado IP repository 'C:/Xilinx/Vivado/2020.2/data/ip'.
open_project: Time (s): cpu = 00:00:23 ; elapsed = 00:00:10 . Memory (MB): peak = 1003.121 ; gain = 0.000
update_compile_order -fileset sources_1
launch_simulation
Command: launch_simulation 
INFO: [Vivado 12-5682] Launching behavioral simulation in 'C:/Users/raimo/Desktop/Progetti_Tesina/esercizio1/esercizio1.sim/sim_1/behav/xsim'
INFO: [SIM-utils-51] Simulation object is 'sim_1'
INFO: [SIM-utils-54] Inspecting design source files for 'TB_mux_16_1' in fileset 'sim_1'...
INFO: [USF-XSim-97] Finding global include files...
INFO: [USF-XSim-98] Fetching design files from 'sim_1'...
INFO: [USF-XSim-2] XSim::Compile design
INFO: [USF-XSim-61] Executing 'COMPILE and ANALYZE' step in 'C:/Users/raimo/Desktop/Progetti_Tesina/esercizio1/esercizio1.sim/sim_1/behav/xsim'
"xvhdl --incr --relax -prj TB_mux_16_1_vhdl.prj"
INFO: [VRFC 10-163] Analyzing VHDL file "C:/Users/raimo/Desktop/Progetti_Tesina/esercizio1/esercizio1.srcs/sim_1/new/TB_16_1.vhd" into library xil_defaultlib
INFO: [VRFC 10-3107] analyzing entity 'TB_mux_16_1'
INFO: [USF-XSim-69] 'compile' step finished in '2' seconds
INFO: [USF-XSim-3] XSim::Elaborate design
INFO: [USF-XSim-61] Executing 'ELABORATE' step in 'C:/Users/raimo/Desktop/Progetti_Tesina/esercizio1/esercizio1.sim/sim_1/behav/xsim'
"xelab -wto 4c4b7178d1374e11856cf6135645a6f3 --incr --debug typical --relax --mt 2 -L xil_defaultlib -L secureip --snapshot TB_mux_16_1_behav xil_defaultlib.TB_mux_16_1 -log elaborate.log"
Vivado Simulator 2020.2
Copyright 1986-1999, 2001-2020 Xilinx, Inc. All Rights Reserved.
Running: C:/Xilinx/Vivado/2020.2/bin/unwrapped/win64.o/xelab.exe -wto 4c4b7178d1374e11856cf6135645a6f3 --incr --debug typical --relax --mt 2 -L xil_defaultlib -L secureip --snapshot TB_mux_16_1_behav xil_defaultlib.TB_mux_16_1 -log elaborate.log 
Using 2 slave threads.
Starting static elaboration
Completed static elaboration
Starting simulation data flow analysis
Completed simulation data flow analysis
Time Resolution for simulation is 1ps
Compiling package std.standard
Compiling package std.textio
Compiling package ieee.std_logic_1164
Compiling architecture behavioral of entity xil_defaultlib.mux_4_1 [mux_4_1_default]
Compiling architecture structural of entity xil_defaultlib.mux_16_1 [mux_16_1_default]
Compiling architecture behavioral of entity xil_defaultlib.tb_mux_16_1
Built simulation snapshot TB_mux_16_1_behav
INFO: [USF-XSim-69] 'elaborate' step finished in '4' seconds
INFO: [USF-XSim-4] XSim::Simulate design
INFO: [USF-XSim-61] Executing 'SIMULATE' step in 'C:/Users/raimo/Desktop/Progetti_Tesina/esercizio1/esercizio1.sim/sim_1/behav/xsim'
INFO: [USF-XSim-98] *** Running xsim
   with args "TB_mux_16_1_behav -key {Behavioral:sim_1:Functional:TB_mux_16_1} -tclbatch {TB_mux_16_1.tcl} -log {simulate.log}"
INFO: [USF-XSim-8] Loading simulator feature
Vivado Simulator 2020.2
Time resolution is 1 ps
source TB_mux_16_1.tcl
# set curr_wave [current_wave_config]
# if { [string length $curr_wave] == 0 } {
#   if { [llength [get_objects]] > 0} {
#     add_wave /
#     set_property needs_save false [current_wave_config]
#   } else {
#      send_msg_id Add_Wave-1 WARNING "No top level signals found. Simulator will start without a wave window. If you want to open a wave window go to 'File->New Waveform Configuration' or type 'create_wave_config' in the TCL console."
#   }
# }
# run 1000ns
xsim: Time (s): cpu = 00:00:14 ; elapsed = 00:00:06 . Memory (MB): peak = 1003.121 ; gain = 0.000
INFO: [USF-XSim-96] XSim completed. Design snapshot 'TB_mux_16_1_behav' loaded.
INFO: [USF-XSim-97] XSim simulation ran for 1000ns
launch_simulation: Time (s): cpu = 00:00:17 ; elapsed = 00:00:13 . Memory (MB): peak = 1003.121 ; gain = 0.000
set_property -name {xsim.simulate.runtime} -value {100ns} -objects [get_filesets sim_1]
close_sim
INFO: [Simtcl 6-16] Simulation closed
launch_simulation
Command: launch_simulation 
INFO: [Vivado 12-5682] Launching behavioral simulation in 'C:/Users/raimo/Desktop/Progetti_Tesina/esercizio1/esercizio1.sim/sim_1/behav/xsim'
INFO: [SIM-utils-51] Simulation object is 'sim_1'
INFO: [SIM-utils-54] Inspecting design source files for 'TB_mux_16_1' in fileset 'sim_1'...
INFO: [USF-XSim-97] Finding global include files...
INFO: [USF-XSim-98] Fetching design files from 'sim_1'...
INFO: [USF-XSim-2] XSim::Compile design
INFO: [USF-XSim-61] Executing 'COMPILE and ANALYZE' step in 'C:/Users/raimo/Desktop/Progetti_Tesina/esercizio1/esercizio1.sim/sim_1/behav/xsim'
"xvhdl --incr --relax -prj TB_mux_16_1_vhdl.prj"
INFO: [USF-XSim-69] 'compile' step finished in '1' seconds
INFO: [USF-XSim-3] XSim::Elaborate design
INFO: [USF-XSim-61] Executing 'ELABORATE' step in 'C:/Users/raimo/Desktop/Progetti_Tesina/esercizio1/esercizio1.sim/sim_1/behav/xsim'
"xelab -wto 4c4b7178d1374e11856cf6135645a6f3 --incr --debug typical --relax --mt 2 -L xil_defaultlib -L secureip --snapshot TB_mux_16_1_behav xil_defaultlib.TB_mux_16_1 -log elaborate.log"
Vivado Simulator 2020.2
Copyright 1986-1999, 2001-2020 Xilinx, Inc. All Rights Reserved.
Running: C:/Xilinx/Vivado/2020.2/bin/unwrapped/win64.o/xelab.exe -wto 4c4b7178d1374e11856cf6135645a6f3 --incr --debug typical --relax --mt 2 -L xil_defaultlib -L secureip --snapshot TB_mux_16_1_behav xil_defaultlib.TB_mux_16_1 -log elaborate.log 
Using 2 slave threads.
Starting static elaboration
Completed static elaboration
INFO: [XSIM 43-4323] No Change in HDL. Linking previously generated obj files to create kernel
INFO: [USF-XSim-69] 'elaborate' step finished in '3' seconds
INFO: [USF-XSim-4] XSim::Simulate design
INFO: [USF-XSim-61] Executing 'SIMULATE' step in 'C:/Users/raimo/Desktop/Progetti_Tesina/esercizio1/esercizio1.sim/sim_1/behav/xsim'
INFO: [USF-XSim-98] *** Running xsim
   with args "TB_mux_16_1_behav -key {Behavioral:sim_1:Functional:TB_mux_16_1} -tclbatch {TB_mux_16_1.tcl} -log {simulate.log}"
INFO: [USF-XSim-8] Loading simulator feature
Vivado Simulator 2020.2
Time resolution is 1 ps
source TB_mux_16_1.tcl
# set curr_wave [current_wave_config]
# if { [string length $curr_wave] == 0 } {
#   if { [llength [get_objects]] > 0} {
#     add_wave /
#     set_property needs_save false [current_wave_config]
#   } else {
#      send_msg_id Add_Wave-1 WARNING "No top level signals found. Simulator will start without a wave window. If you want to open a wave window go to 'File->New Waveform Configuration' or type 'create_wave_config' in the TCL console."
#   }
# }
# run 100ns
INFO: [USF-XSim-96] XSim completed. Design snapshot 'TB_mux_16_1_behav' loaded.
INFO: [USF-XSim-97] XSim simulation ran for 100ns
launch_simulation: Time (s): cpu = 00:00:07 ; elapsed = 00:00:08 . Memory (MB): peak = 1003.121 ; gain = 0.000
set_property is_enabled true [get_files  C:/Users/raimo/Desktop/Progetti_Tesina/esercizio1/esercizio1.srcs/sources_1/new/demux_1_4.vhd]
update_compile_order -fileset sources_1
close_sim
INFO: [Simtcl 6-16] Simulation closed
exit
INFO: [Common 17-206] Exiting Vivado at Tue Dec 14 18:50:47 2021...
