#-----------------------------------------------------------
# Vivado v2020.2 (64-bit)
# SW Build 3064766 on Wed Nov 18 09:12:45 MST 2020
# IP Build 3064653 on Wed Nov 18 14:17:31 MST 2020
# Start of session at: Tue Dec 21 19:36:38 2021
# Process ID: 19056
# Current directory: C:/Users/Vincenzo Pascarella/Desktop/Universit/Magistrale/Architettura_S_D/Vivado/progetti_tesina/esercizio_libero
# Command line: vivado.exe -gui_launcher_event rodinguilauncherevent14528 C:\Users\Vincenzo Pascarella\Desktop\Universit\Magistrale\Architettura_S_D\Vivado\progetti_tesina\esercizio_libero\esercizio_libero.xpr
# Log file: C:/Users/Vincenzo Pascarella/Desktop/Universit/Magistrale/Architettura_S_D/Vivado/progetti_tesina/esercizio_libero/vivado.log
# Journal file: C:/Users/Vincenzo Pascarella/Desktop/Universit/Magistrale/Architettura_S_D/Vivado/progetti_tesina/esercizio_libero\vivado.jou
#-----------------------------------------------------------
start_gui
open_project {C:/Users/Vincenzo Pascarella/Desktop/Universit/Magistrale/Architettura_S_D/Vivado/progetti_tesina/esercizio_libero/esercizio_libero.xpr}
INFO: [ProjectBase 1-489] The host OS only allows 260 characters in a normal path. The project is stored in a path with more than 80 characters. If you experience issues with IP, Block Designs, or files not being found, please consider moving the project to a location with a shorter path. Alternately consider using the OS subst command to map part of the path to a drive letter.
Current project path is 'C:/Users/Vincenzo Pascarella/Desktop/Universit/Magistrale/Architettura_S_D/Vivado/progetti_tesina/esercizio_libero'
WARNING: [filemgmt 56-3] Board Part Repository Path: Could not find the directory 'C:/Users/Vincenzo Pascarella/Desktop/Universit/Magistrale/AppData/Roaming/Xilinx/Vivado/2020.2/xhub/board_store/xilinx_board_store'.
WARNING: [filemgmt 56-3] Default IP Output Path : Could not find the directory 'C:/Users/Vincenzo Pascarella/Desktop/Universit/Magistrale/Architettura_S_D/Vivado/progetti_tesina/esercizio_libero/esercizio_libero.gen/sources_1'.
Scanning sources...
Finished scanning sources
INFO: [IP_Flow 19-234] Refreshing IP repositories
INFO: [IP_Flow 19-1704] No user IP repositories specified
INFO: [IP_Flow 19-2313] Loaded Vivado IP repository 'D:/Vivado/2020.2/data/ip'.
open_project: Time (s): cpu = 00:00:22 ; elapsed = 00:00:06 . Memory (MB): peak = 999.891 ; gain = 0.000
update_compile_order -fileset sources_1
reset_run synth_1
launch_runs synth_1 -jobs 12
[Tue Dec 21 19:37:42 2021] Launched synth_1...
Run output will be captured here: C:/Users/Vincenzo Pascarella/Desktop/Universit/Magistrale/Architettura_S_D/Vivado/progetti_tesina/esercizio_libero/esercizio_libero.runs/synth_1/runme.log
launch_runs impl_1 -jobs 12
[Tue Dec 21 19:38:34 2021] Launched impl_1...
Run output will be captured here: C:/Users/Vincenzo Pascarella/Desktop/Universit/Magistrale/Architettura_S_D/Vivado/progetti_tesina/esercizio_libero/esercizio_libero.runs/impl_1/runme.log
launch_runs impl_1 -to_step write_bitstream -jobs 12
[Tue Dec 21 19:39:47 2021] Launched impl_1...
Run output will be captured here: C:/Users/Vincenzo Pascarella/Desktop/Universit/Magistrale/Architettura_S_D/Vivado/progetti_tesina/esercizio_libero/esercizio_libero.runs/impl_1/runme.log
open_hw_manager
connect_hw_server -allow_non_jtag
INFO: [Labtools 27-2285] Connecting to hw_server url TCP:localhost:3121
INFO: [Labtools 27-2222] Launching hw_server...
INFO: [Labtools 27-2221] Launch Output:

****** Xilinx hw_server v2020.2
  **** Build date : Nov 18 2020 at 10:01:48
    ** Copyright 1986-2020 Xilinx, Inc. All Rights Reserved.


INFO: [Labtools 27-3415] Connecting to cs_server url TCP:localhost:3042
INFO: [Labtools 27-3417] Launching cs_server...
INFO: [Labtools 27-2221] Launch Output:


******** Xilinx cs_server v2020.2
  ****** Build date   : Nov 03 2020-22:02:56
    **** Build number : 2020.2.1604437376
      ** Copyright 2017-2020 Xilinx, Inc. All Rights Reserved.



connect_hw_server: Time (s): cpu = 00:00:00 ; elapsed = 00:00:10 . Memory (MB): peak = 999.891 ; gain = 0.000
open_hw_target
INFO: [Labtoolstcl 44-466] Opening hw_target localhost:3121/xilinx_tcf/Digilent/210292B18246A
open_hw_target: Time (s): cpu = 00:00:05 ; elapsed = 00:00:05 . Memory (MB): peak = 2305.027 ; gain = 1305.137
set_property PROGRAM.FILE {C:/Users/Vincenzo Pascarella/Desktop/Universit/Magistrale/Architettura_S_D/Vivado/progetti_tesina/esercizio_libero/esercizio_libero.runs/impl_1/GuessTheSequence.bit} [get_hw_devices xc7a100t_0]
current_hw_device [get_hw_devices xc7a100t_0]
refresh_hw_device -update_hw_probes false [lindex [get_hw_devices xc7a100t_0] 0]
INFO: [Labtools 27-1434] Device xc7a100t (JTAG device index = 0) is programmed with a design that has no supported debug core(s) in it.
set_property PROBES.FILE {} [get_hw_devices xc7a100t_0]
set_property FULL_PROBES.FILE {} [get_hw_devices xc7a100t_0]
set_property PROGRAM.FILE {C:/Users/Vincenzo Pascarella/Desktop/Universit/Magistrale/Architettura_S_D/Vivado/progetti_tesina/esercizio_libero/esercizio_libero.runs/impl_1/GuessTheSequence.bit} [get_hw_devices xc7a100t_0]
program_hw_devices [get_hw_devices xc7a100t_0]
INFO: [Labtools 27-3164] End of startup status: HIGH
refresh_hw_device [lindex [get_hw_devices xc7a100t_0] 0]
INFO: [Labtools 27-1434] Device xc7a100t (JTAG device index = 0) is programmed with a design that has no supported debug core(s) in it.
reset_run synth_1
launch_runs synth_1 -jobs 12
[Tue Dec 21 19:44:34 2021] Launched synth_1...
Run output will be captured here: C:/Users/Vincenzo Pascarella/Desktop/Universit/Magistrale/Architettura_S_D/Vivado/progetti_tesina/esercizio_libero/esercizio_libero.runs/synth_1/runme.log
launch_runs impl_1 -jobs 12
[Tue Dec 21 19:45:24 2021] Launched impl_1...
Run output will be captured here: C:/Users/Vincenzo Pascarella/Desktop/Universit/Magistrale/Architettura_S_D/Vivado/progetti_tesina/esercizio_libero/esercizio_libero.runs/impl_1/runme.log
launch_runs impl_1 -to_step write_bitstream -jobs 12
[Tue Dec 21 19:46:36 2021] Launched impl_1...
Run output will be captured here: C:/Users/Vincenzo Pascarella/Desktop/Universit/Magistrale/Architettura_S_D/Vivado/progetti_tesina/esercizio_libero/esercizio_libero.runs/impl_1/runme.log
set_property PROBES.FILE {} [get_hw_devices xc7a100t_0]
set_property FULL_PROBES.FILE {} [get_hw_devices xc7a100t_0]
set_property PROGRAM.FILE {C:/Users/Vincenzo Pascarella/Desktop/Universit/Magistrale/Architettura_S_D/Vivado/progetti_tesina/esercizio_libero/esercizio_libero.runs/impl_1/GuessTheSequence.bit} [get_hw_devices xc7a100t_0]
program_hw_devices [get_hw_devices xc7a100t_0]
INFO: [Labtools 27-3164] End of startup status: HIGH
refresh_hw_device [lindex [get_hw_devices xc7a100t_0] 0]
INFO: [Labtools 27-1434] Device xc7a100t (JTAG device index = 0) is programmed with a design that has no supported debug core(s) in it.
reset_run synth_1
launch_runs synth_1 -jobs 12
[Tue Dec 21 19:53:18 2021] Launched synth_1...
Run output will be captured here: C:/Users/Vincenzo Pascarella/Desktop/Universit/Magistrale/Architettura_S_D/Vivado/progetti_tesina/esercizio_libero/esercizio_libero.runs/synth_1/runme.log
launch_runs impl_1 -jobs 12
[Tue Dec 21 19:54:10 2021] Launched impl_1...
Run output will be captured here: C:/Users/Vincenzo Pascarella/Desktop/Universit/Magistrale/Architettura_S_D/Vivado/progetti_tesina/esercizio_libero/esercizio_libero.runs/impl_1/runme.log
launch_runs impl_1 -to_step write_bitstream -jobs 12
[Tue Dec 21 19:55:23 2021] Launched impl_1...
Run output will be captured here: C:/Users/Vincenzo Pascarella/Desktop/Universit/Magistrale/Architettura_S_D/Vivado/progetti_tesina/esercizio_libero/esercizio_libero.runs/impl_1/runme.log
set_property PROBES.FILE {} [get_hw_devices xc7a100t_0]
set_property FULL_PROBES.FILE {} [get_hw_devices xc7a100t_0]
set_property PROGRAM.FILE {C:/Users/Vincenzo Pascarella/Desktop/Universit/Magistrale/Architettura_S_D/Vivado/progetti_tesina/esercizio_libero/esercizio_libero.runs/impl_1/GuessTheSequence.bit} [get_hw_devices xc7a100t_0]
program_hw_devices [get_hw_devices xc7a100t_0]
INFO: [Labtools 27-3164] End of startup status: HIGH
refresh_hw_device [lindex [get_hw_devices xc7a100t_0] 0]
INFO: [Labtools 27-1434] Device xc7a100t (JTAG device index = 0) is programmed with a design that has no supported debug core(s) in it.
reset_run synth_1
launch_runs synth_1 -jobs 12
[Tue Dec 21 20:06:00 2021] Launched synth_1...
Run output will be captured here: C:/Users/Vincenzo Pascarella/Desktop/Universit/Magistrale/Architettura_S_D/Vivado/progetti_tesina/esercizio_libero/esercizio_libero.runs/synth_1/runme.log
launch_runs impl_1 -jobs 12
[Tue Dec 21 20:06:53 2021] Launched impl_1...
Run output will be captured here: C:/Users/Vincenzo Pascarella/Desktop/Universit/Magistrale/Architettura_S_D/Vivado/progetti_tesina/esercizio_libero/esercizio_libero.runs/impl_1/runme.log
launch_runs impl_1 -to_step write_bitstream -jobs 12
[Tue Dec 21 20:08:06 2021] Launched impl_1...
Run output will be captured here: C:/Users/Vincenzo Pascarella/Desktop/Universit/Magistrale/Architettura_S_D/Vivado/progetti_tesina/esercizio_libero/esercizio_libero.runs/impl_1/runme.log
set_property PROBES.FILE {} [get_hw_devices xc7a100t_0]
set_property FULL_PROBES.FILE {} [get_hw_devices xc7a100t_0]
set_property PROGRAM.FILE {C:/Users/Vincenzo Pascarella/Desktop/Universit/Magistrale/Architettura_S_D/Vivado/progetti_tesina/esercizio_libero/esercizio_libero.runs/impl_1/GuessTheSequence.bit} [get_hw_devices xc7a100t_0]
program_hw_devices [get_hw_devices xc7a100t_0]
INFO: [Labtools 27-3164] End of startup status: HIGH
refresh_hw_device [lindex [get_hw_devices xc7a100t_0] 0]
INFO: [Labtools 27-1434] Device xc7a100t (JTAG device index = 0) is programmed with a design that has no supported debug core(s) in it.
exit
INFO: [Common 17-206] Exiting Vivado at Tue Dec 21 20:11:54 2021...
