#-----------------------------------------------------------
# Vivado v2020.2 (64-bit)
# SW Build 3064766 on Wed Nov 18 09:12:45 MST 2020
# IP Build 3064653 on Wed Nov 18 14:17:31 MST 2020
# Start of session at: Fri Jan  7 10:13:05 2022
# Process ID: 11744
# Current directory: C:/Users/raimo/Desktop/Progetti_Tesina/esercizio_libero
# Command line: vivado.exe -gui_launcher_event rodinguilauncherevent12624 C:\Users\raimo\Desktop\Progetti_Tesina\esercizio_libero\esercizio_libero.xpr
# Log file: C:/Users/raimo/Desktop/Progetti_Tesina/esercizio_libero/vivado.log
# Journal file: C:/Users/raimo/Desktop/Progetti_Tesina/esercizio_libero\vivado.jou
#-----------------------------------------------------------
start_gui
open_project C:/Users/raimo/Desktop/Progetti_Tesina/esercizio_libero/esercizio_libero.xpr
INFO: [Project 1-313] Project file moved from 'C:/Users/Vincenzo Pascarella/Desktop/Universit/Magistrale/Architettura_S_D/Vivado/progetti_tesina/esercizio_libero' since last save.
WARNING: [filemgmt 56-2] Board Part Repository Path: Could not find the directory 'C:/Users/AppData/Roaming/Xilinx/Vivado/2020.2/xhub/board_store/xilinx_board_store', nor could it be found using path 'C:/Users/Vincenzo Pascarella/Desktop/Universit/Magistrale/AppData/Roaming/Xilinx/Vivado/2020.2/xhub/board_store/xilinx_board_store'.
WARNING: [filemgmt 56-2] Default IP Output Path : Could not find the directory 'C:/Users/raimo/Desktop/Progetti_Tesina/esercizio_libero/esercizio_libero.gen/sources_1', nor could it be found using path 'C:/Users/Vincenzo Pascarella/Desktop/Universit/Magistrale/Architettura_S_D/Vivado/progetti_tesina/esercizio_libero/esercizio_libero.gen/sources_1'.
Scanning sources...
Finished scanning sources
INFO: [IP_Flow 19-234] Refreshing IP repositories
INFO: [IP_Flow 19-1704] No user IP repositories specified
INFO: [IP_Flow 19-2313] Loaded Vivado IP repository 'C:/Xilinx/Vivado/2020.2/data/ip'.
open_project: Time (s): cpu = 00:00:31 ; elapsed = 00:00:14 . Memory (MB): peak = 1004.895 ; gain = 0.000
update_compile_order -fileset sources_1
exit
INFO: [Common 17-206] Exiting Vivado at Fri Jan  7 13:03:05 2022...
