#-----------------------------------------------------------
# Vivado v2020.2 (64-bit)
# SW Build 3064766 on Wed Nov 18 09:12:45 MST 2020
# IP Build 3064653 on Wed Nov 18 14:17:31 MST 2020
# Start of session at: Thu Dec 16 16:58:00 2021
# Process ID: 8108
# Current directory: C:/Users/raimo/Downloads/esercizio_libero
# Command line: vivado.exe -gui_launcher_event rodinguilauncherevent8408 C:\Users\raimo\Downloads\esercizio_libero\esercizio_libero.xpr
# Log file: C:/Users/raimo/Downloads/esercizio_libero/vivado.log
# Journal file: C:/Users/raimo/Downloads/esercizio_libero\vivado.jou
#-----------------------------------------------------------
start_gui
open_project C:/Users/raimo/Downloads/esercizio_libero/esercizio_libero.xpr
WARNING: [filemgmt 56-3] Board Part Repository Path: Could not find the directory 'C:/AppData/Roaming/Xilinx/Vivado/2020.2/xhub/board_store/xilinx_board_store'.
WARNING: [filemgmt 56-3] Default IP Output Path : Could not find the directory 'C:/Users/raimo/Downloads/esercizio_libero/esercizio_libero.gen/sources_1'.
Scanning sources...
Finished scanning sources
INFO: [IP_Flow 19-234] Refreshing IP repositories
INFO: [IP_Flow 19-1704] No user IP repositories specified
INFO: [IP_Flow 19-2313] Loaded Vivado IP repository 'C:/Xilinx/Vivado/2020.2/data/ip'.
open_project: Time (s): cpu = 00:00:37 ; elapsed = 00:00:16 . Memory (MB): peak = 1002.492 ; gain = 0.000
update_compile_order -fileset sources_1
close [ open C:/Users/raimo/Downloads/esercizio_libero/esercizio_libero.srcs/sources_1/new/Debauncer_block.vhd w ]
add_files C:/Users/raimo/Downloads/esercizio_libero/esercizio_libero.srcs/sources_1/new/Debauncer_block.vhd
update_compile_order -fileset sources_1
import_files -norecurse C:/Users/raimo/Desktop/ButtonDebouncer.vhd
update_compile_order -fileset sources_1
close [ open C:/Users/raimo/Downloads/esercizio_libero/esercizio_libero.srcs/sources_1/new/UnitaOperativa.vhd w ]
add_files C:/Users/raimo/Downloads/esercizio_libero/esercizio_libero.srcs/sources_1/new/UnitaOperativa.vhd
update_compile_order -fileset sources_1
update_compile_order -fileset sources_1
close [ open C:/Users/raimo/Downloads/esercizio_libero/esercizio_libero.srcs/sources_1/new/UnitaDiControllo.vhd w ]
add_files C:/Users/raimo/Downloads/esercizio_libero/esercizio_libero.srcs/sources_1/new/UnitaDiControllo.vhd
update_compile_order -fileset sources_1
close [ open C:/Users/raimo/Downloads/esercizio_libero/esercizio_libero.srcs/sources_1/new/GuessTheSequence.vhd w ]
add_files C:/Users/raimo/Downloads/esercizio_libero/esercizio_libero.srcs/sources_1/new/GuessTheSequence.vhd
update_compile_order -fileset sources_1
update_compile_order -fileset sources_1
exit
INFO: [Common 17-206] Exiting Vivado at Thu Dec 16 19:14:14 2021...
