
*** Running vivado
    with args -log rolex.vds -m64 -product Vivado -mode batch -messageDb vivado.pb -notrace -source rolex.tcl



****** Vivado v2020.2 (64-bit)
  **** SW Build 3064766 on Wed Nov 18 09:12:45 MST 2020
  **** IP Build 3064653 on Wed Nov 18 14:17:31 MST 2020
    ** Copyright 1986-2020 Xilinx, Inc. All Rights Reserved.

source rolex.tcl -notrace
Command: synth_design -top rolex -part xc7a100tcsg324-1
Starting synth_design
Attempting to get a license for feature 'Synthesis' and/or device 'xc7a100t'
INFO: [Common 17-349] Got license for feature 'Synthesis' and/or device 'xc7a100t'
INFO: [Device 21-403] Loading part xc7a100tcsg324-1
INFO: [Synth 8-7079] Multithreading enabled for synth_design using a maximum of 2 processes.
INFO: [Synth 8-7078] Launching helper process for spawning children vivado processes
INFO: [Synth 8-7075] Helper process launched with PID 8768
---------------------------------------------------------------------------------
Starting RTL Elaboration : Time (s): cpu = 00:00:04 ; elapsed = 00:00:04 . Memory (MB): peak = 999.270 ; gain = 0.000
---------------------------------------------------------------------------------
INFO: [Synth 8-638] synthesizing module 'rolex' [C:/Users/eleun/Desktop/ese_da_scrivere/esercizio_5_interempi_3/esercizio_5_rolex.srcs/sources_1/new/rolex.vhd:47]
INFO: [Synth 8-3491] module 'manager' declared at 'C:/Users/eleun/Desktop/ese_da_scrivere/esercizio_5_interempi_3/esercizio_5_rolex.srcs/sources_1/new/manager.vhd:34' bound to instance 'mg' of component 'manager' [C:/Users/eleun/Desktop/ese_da_scrivere/esercizio_5_interempi_3/esercizio_5_rolex.srcs/sources_1/new/rolex.vhd:149]
INFO: [Synth 8-638] synthesizing module 'manager' [C:/Users/eleun/Desktop/ese_da_scrivere/esercizio_5_interempi_3/esercizio_5_rolex.srcs/sources_1/new/manager.vhd:44]
INFO: [Synth 8-256] done synthesizing module 'manager' (1#1) [C:/Users/eleun/Desktop/ese_da_scrivere/esercizio_5_interempi_3/esercizio_5_rolex.srcs/sources_1/new/manager.vhd:44]
	Parameter clock_frequency_in bound to: 100000000 - type: integer 
	Parameter clock_frequency_out bound to: 1 - type: integer 
INFO: [Synth 8-3491] module 'div' declared at 'C:/Users/eleun/Desktop/ese_da_scrivere/esercizio_5_interempi_3/esercizio_5_rolex.srcs/sources_1/new/div.vhd:34' bound to instance 'divisore' of component 'div' [C:/Users/eleun/Desktop/ese_da_scrivere/esercizio_5_interempi_3/esercizio_5_rolex.srcs/sources_1/new/rolex.vhd:160]
INFO: [Synth 8-638] synthesizing module 'div' [C:/Users/eleun/Desktop/ese_da_scrivere/esercizio_5_interempi_3/esercizio_5_rolex.srcs/sources_1/new/div.vhd:47]
	Parameter clock_frequency_in bound to: 100000000 - type: integer 
	Parameter clock_frequency_out bound to: 1 - type: integer 
INFO: [Synth 8-256] done synthesizing module 'div' (2#1) [C:/Users/eleun/Desktop/ese_da_scrivere/esercizio_5_interempi_3/esercizio_5_rolex.srcs/sources_1/new/div.vhd:47]
INFO: [Synth 8-3491] module 'conversion' declared at 'C:/Users/eleun/Desktop/ese_da_scrivere/esercizio_5_interempi_3/esercizio_5_rolex.srcs/sources_1/new/conversion.vhd:34' bound to instance 'conv1' of component 'conversion' [C:/Users/eleun/Desktop/ese_da_scrivere/esercizio_5_interempi_3/esercizio_5_rolex.srcs/sources_1/new/rolex.vhd:171]
INFO: [Synth 8-638] synthesizing module 'conversion' [C:/Users/eleun/Desktop/ese_da_scrivere/esercizio_5_interempi_3/esercizio_5_rolex.srcs/sources_1/new/conversion.vhd:44]
INFO: [Synth 8-256] done synthesizing module 'conversion' (3#1) [C:/Users/eleun/Desktop/ese_da_scrivere/esercizio_5_interempi_3/esercizio_5_rolex.srcs/sources_1/new/conversion.vhd:44]
INFO: [Synth 8-3491] module 'conversion' declared at 'C:/Users/eleun/Desktop/ese_da_scrivere/esercizio_5_interempi_3/esercizio_5_rolex.srcs/sources_1/new/conversion.vhd:34' bound to instance 'conv2' of component 'conversion' [C:/Users/eleun/Desktop/ese_da_scrivere/esercizio_5_interempi_3/esercizio_5_rolex.srcs/sources_1/new/rolex.vhd:180]
INFO: [Synth 8-3491] module 'conversion' declared at 'C:/Users/eleun/Desktop/ese_da_scrivere/esercizio_5_interempi_3/esercizio_5_rolex.srcs/sources_1/new/conversion.vhd:34' bound to instance 'conv3' of component 'conversion' [C:/Users/eleun/Desktop/ese_da_scrivere/esercizio_5_interempi_3/esercizio_5_rolex.srcs/sources_1/new/rolex.vhd:187]
	Parameter CLKIN_freq bound to: 100000000 - type: integer 
	Parameter CLKOUT_freq bound to: 500 - type: integer 
INFO: [Synth 8-3491] module 'display_seven_segments' declared at 'C:/Users/eleun/Desktop/ese_da_scrivere/esercizio_5_interempi_3/esercizio_5_rolex.srcs/sources_1/new/display_seven_segments.vhd:34' bound to instance 'display' of component 'display_seven_segments' [C:/Users/eleun/Desktop/ese_da_scrivere/esercizio_5_interempi_3/esercizio_5_rolex.srcs/sources_1/new/rolex.vhd:195]
INFO: [Synth 8-638] synthesizing module 'display_seven_segments' [C:/Users/eleun/Desktop/ese_da_scrivere/esercizio_5_interempi_3/esercizio_5_rolex.srcs/sources_1/new/display_seven_segments.vhd:48]
	Parameter CLKIN_freq bound to: 100000000 - type: integer 
	Parameter CLKOUT_freq bound to: 500 - type: integer 
	Parameter CLKIN_freq bound to: 100000000 - type: integer 
	Parameter CLKOUT_freq bound to: 500 - type: integer 
INFO: [Synth 8-3491] module 'clock_filter' declared at 'C:/Users/eleun/Desktop/ese_da_scrivere/esercizio_5_interempi_3/esercizio_5_rolex.srcs/sources_1/new/clock_filter.vhd:34' bound to instance 'clk_filter' of component 'clock_filter' [C:/Users/eleun/Desktop/ese_da_scrivere/esercizio_5_interempi_3/esercizio_5_rolex.srcs/sources_1/new/display_seven_segments.vhd:96]
INFO: [Synth 8-638] synthesizing module 'clock_filter' [C:/Users/eleun/Desktop/ese_da_scrivere/esercizio_5_interempi_3/esercizio_5_rolex.srcs/sources_1/new/clock_filter.vhd:46]
	Parameter CLKIN_freq bound to: 100000000 - type: integer 
	Parameter CLKOUT_freq bound to: 500 - type: integer 
INFO: [Synth 8-256] done synthesizing module 'clock_filter' (4#1) [C:/Users/eleun/Desktop/ese_da_scrivere/esercizio_5_interempi_3/esercizio_5_rolex.srcs/sources_1/new/clock_filter.vhd:46]
INFO: [Synth 8-3491] module 'counter_mod8' declared at 'C:/Users/eleun/Desktop/ese_da_scrivere/esercizio_5_interempi_3/esercizio_5_rolex.srcs/sources_1/new/counter_mod4.vhd:34' bound to instance 'counter_instance' of component 'counter_mod8' [C:/Users/eleun/Desktop/ese_da_scrivere/esercizio_5_interempi_3/esercizio_5_rolex.srcs/sources_1/new/display_seven_segments.vhd:106]
INFO: [Synth 8-638] synthesizing module 'counter_mod8' [C:/Users/eleun/Desktop/ese_da_scrivere/esercizio_5_interempi_3/esercizio_5_rolex.srcs/sources_1/new/counter_mod4.vhd:41]
INFO: [Synth 8-256] done synthesizing module 'counter_mod8' (5#1) [C:/Users/eleun/Desktop/ese_da_scrivere/esercizio_5_interempi_3/esercizio_5_rolex.srcs/sources_1/new/counter_mod4.vhd:41]
INFO: [Synth 8-3491] module 'cathodes_manager' declared at 'C:/Users/eleun/Desktop/ese_da_scrivere/esercizio_5_interempi_3/esercizio_5_rolex.srcs/sources_1/new/cathodes_manager.vhd:34' bound to instance 'cathodes_instance' of component 'cathodes_manager' [C:/Users/eleun/Desktop/ese_da_scrivere/esercizio_5_interempi_3/esercizio_5_rolex.srcs/sources_1/new/display_seven_segments.vhd:114]
INFO: [Synth 8-638] synthesizing module 'cathodes_manager' [C:/Users/eleun/Desktop/ese_da_scrivere/esercizio_5_interempi_3/esercizio_5_rolex.srcs/sources_1/new/cathodes_manager.vhd:41]
INFO: [Synth 8-226] default block is never used [C:/Users/eleun/Desktop/ese_da_scrivere/esercizio_5_interempi_3/esercizio_5_rolex.srcs/sources_1/new/cathodes_manager.vhd:80]
WARNING: [Synth 8-614] signal 'value' is read in the process but is not in the sensitivity list [C:/Users/eleun/Desktop/ese_da_scrivere/esercizio_5_interempi_3/esercizio_5_rolex.srcs/sources_1/new/cathodes_manager.vhd:77]
WARNING: [Synth 8-614] signal 'dots' is read in the process but is not in the sensitivity list [C:/Users/eleun/Desktop/ese_da_scrivere/esercizio_5_interempi_3/esercizio_5_rolex.srcs/sources_1/new/cathodes_manager.vhd:77]
INFO: [Synth 8-226] default block is never used [C:/Users/eleun/Desktop/ese_da_scrivere/esercizio_5_interempi_3/esercizio_5_rolex.srcs/sources_1/new/cathodes_manager.vhd:113]
INFO: [Synth 8-256] done synthesizing module 'cathodes_manager' (6#1) [C:/Users/eleun/Desktop/ese_da_scrivere/esercizio_5_interempi_3/esercizio_5_rolex.srcs/sources_1/new/cathodes_manager.vhd:41]
INFO: [Synth 8-3491] module 'anodes_manager' declared at 'C:/Users/eleun/Desktop/ese_da_scrivere/esercizio_5_interempi_3/esercizio_5_rolex.srcs/sources_1/new/anodes_manager.vhd:34' bound to instance 'anodes_instance' of component 'anodes_manager' [C:/Users/eleun/Desktop/ese_da_scrivere/esercizio_5_interempi_3/esercizio_5_rolex.srcs/sources_1/new/display_seven_segments.vhd:121]
INFO: [Synth 8-638] synthesizing module 'anodes_manager' [C:/Users/eleun/Desktop/ese_da_scrivere/esercizio_5_interempi_3/esercizio_5_rolex.srcs/sources_1/new/anodes_manager.vhd:41]
INFO: [Synth 8-226] default block is never used [C:/Users/eleun/Desktop/ese_da_scrivere/esercizio_5_interempi_3/esercizio_5_rolex.srcs/sources_1/new/anodes_manager.vhd:53]
INFO: [Synth 8-256] done synthesizing module 'anodes_manager' (7#1) [C:/Users/eleun/Desktop/ese_da_scrivere/esercizio_5_interempi_3/esercizio_5_rolex.srcs/sources_1/new/anodes_manager.vhd:41]
INFO: [Synth 8-256] done synthesizing module 'display_seven_segments' (8#1) [C:/Users/eleun/Desktop/ese_da_scrivere/esercizio_5_interempi_3/esercizio_5_rolex.srcs/sources_1/new/display_seven_segments.vhd:48]
INFO: [Synth 8-3491] module 'cronometro' declared at 'C:/Users/eleun/Desktop/ese_da_scrivere/esercizio_5_interempi_3/esercizio_5_rolex.srcs/sources_1/new/cronometro.vhd:34' bound to instance 'contatore' of component 'cronometro' [C:/Users/eleun/Desktop/ese_da_scrivere/esercizio_5_interempi_3/esercizio_5_rolex.srcs/sources_1/new/rolex.vhd:213]
INFO: [Synth 8-638] synthesizing module 'cronometro' [C:/Users/eleun/Desktop/ese_da_scrivere/esercizio_5_interempi_3/esercizio_5_rolex.srcs/sources_1/new/cronometro.vhd:47]
INFO: [Synth 8-3491] module 'demux_1_4' declared at 'C:/Users/eleun/Desktop/ese_da_scrivere/esercizio_5_interempi_3/esercizio_5_rolex.srcs/sources_1/new/demux_1_4.vhd:34' bound to instance 'demux' of component 'demux_1_4' [C:/Users/eleun/Desktop/ese_da_scrivere/esercizio_5_interempi_3/esercizio_5_rolex.srcs/sources_1/new/cronometro.vhd:82]
INFO: [Synth 8-638] synthesizing module 'demux_1_4' [C:/Users/eleun/Desktop/ese_da_scrivere/esercizio_5_interempi_3/esercizio_5_rolex.srcs/sources_1/new/demux_1_4.vhd:42]
INFO: [Synth 8-256] done synthesizing module 'demux_1_4' (9#1) [C:/Users/eleun/Desktop/ese_da_scrivere/esercizio_5_interempi_3/esercizio_5_rolex.srcs/sources_1/new/demux_1_4.vhd:42]
	Parameter N bound to: 60 - type: integer 
	Parameter L bound to: 6 - type: integer 
INFO: [Synth 8-3491] module 'contatore' declared at 'C:/Users/eleun/Desktop/ese_da_scrivere/esercizio_5_interempi_3/esercizio_5_rolex.srcs/sources_1/new/contatore.vhd:35' bound to instance 'secondi' of component 'contatore' [C:/Users/eleun/Desktop/ese_da_scrivere/esercizio_5_interempi_3/esercizio_5_rolex.srcs/sources_1/new/cronometro.vhd:89]
INFO: [Synth 8-638] synthesizing module 'contatore' [C:/Users/eleun/Desktop/ese_da_scrivere/esercizio_5_interempi_3/esercizio_5_rolex.srcs/sources_1/new/contatore.vhd:51]
	Parameter N bound to: 60 - type: integer 
	Parameter L bound to: 6 - type: integer 
WARNING: [Synth 8-614] signal 'set' is read in the process but is not in the sensitivity list [C:/Users/eleun/Desktop/ese_da_scrivere/esercizio_5_interempi_3/esercizio_5_rolex.srcs/sources_1/new/contatore.vhd:54]
INFO: [Synth 8-256] done synthesizing module 'contatore' (10#1) [C:/Users/eleun/Desktop/ese_da_scrivere/esercizio_5_interempi_3/esercizio_5_rolex.srcs/sources_1/new/contatore.vhd:51]
	Parameter N bound to: 60 - type: integer 
	Parameter L bound to: 6 - type: integer 
INFO: [Synth 8-3491] module 'contatore' declared at 'C:/Users/eleun/Desktop/ese_da_scrivere/esercizio_5_interempi_3/esercizio_5_rolex.srcs/sources_1/new/contatore.vhd:35' bound to instance 'minuti' of component 'contatore' [C:/Users/eleun/Desktop/ese_da_scrivere/esercizio_5_interempi_3/esercizio_5_rolex.srcs/sources_1/new/cronometro.vhd:106]
	Parameter N bound to: 24 - type: integer 
	Parameter L bound to: 5 - type: integer 
INFO: [Synth 8-3491] module 'contatore' declared at 'C:/Users/eleun/Desktop/ese_da_scrivere/esercizio_5_interempi_3/esercizio_5_rolex.srcs/sources_1/new/contatore.vhd:35' bound to instance 'ore' of component 'contatore' [C:/Users/eleun/Desktop/ese_da_scrivere/esercizio_5_interempi_3/esercizio_5_rolex.srcs/sources_1/new/cronometro.vhd:125]
INFO: [Synth 8-638] synthesizing module 'contatore__parameterized2' [C:/Users/eleun/Desktop/ese_da_scrivere/esercizio_5_interempi_3/esercizio_5_rolex.srcs/sources_1/new/contatore.vhd:51]
	Parameter N bound to: 24 - type: integer 
	Parameter L bound to: 5 - type: integer 
WARNING: [Synth 8-614] signal 'set' is read in the process but is not in the sensitivity list [C:/Users/eleun/Desktop/ese_da_scrivere/esercizio_5_interempi_3/esercizio_5_rolex.srcs/sources_1/new/contatore.vhd:54]
INFO: [Synth 8-256] done synthesizing module 'contatore__parameterized2' (10#1) [C:/Users/eleun/Desktop/ese_da_scrivere/esercizio_5_interempi_3/esercizio_5_rolex.srcs/sources_1/new/contatore.vhd:51]
INFO: [Synth 8-256] done synthesizing module 'cronometro' (11#1) [C:/Users/eleun/Desktop/ese_da_scrivere/esercizio_5_interempi_3/esercizio_5_rolex.srcs/sources_1/new/cronometro.vhd:47]
	Parameter CLK_period bound to: 10 - type: integer 
	Parameter btn_noise_time bound to: 650000000 - type: integer 
INFO: [Synth 8-3491] module 'ButtonDebouncer' declared at 'C:/Users/eleun/Desktop/ese_da_scrivere/esercizio_5_interempi_3/esercizio_5_rolex.srcs/sources_1/new/ButtonDebouncer.vhd:34' bound to instance 'btn1' of component 'ButtonDebouncer' [C:/Users/eleun/Desktop/ese_da_scrivere/esercizio_5_interempi_3/esercizio_5_rolex.srcs/sources_1/new/rolex.vhd:225]
INFO: [Synth 8-638] synthesizing module 'ButtonDebouncer' [C:/Users/eleun/Desktop/ese_da_scrivere/esercizio_5_interempi_3/esercizio_5_rolex.srcs/sources_1/new/ButtonDebouncer.vhd:46]
	Parameter CLK_period bound to: 10 - type: integer 
	Parameter btn_noise_time bound to: 650000000 - type: integer 
INFO: [Synth 8-226] default block is never used [C:/Users/eleun/Desktop/ese_da_scrivere/esercizio_5_interempi_3/esercizio_5_rolex.srcs/sources_1/new/ButtonDebouncer.vhd:75]
INFO: [Synth 8-256] done synthesizing module 'ButtonDebouncer' (12#1) [C:/Users/eleun/Desktop/ese_da_scrivere/esercizio_5_interempi_3/esercizio_5_rolex.srcs/sources_1/new/ButtonDebouncer.vhd:46]
	Parameter CLK_period bound to: 10 - type: integer 
	Parameter btn_noise_time bound to: 650000000 - type: integer 
INFO: [Synth 8-3491] module 'ButtonDebouncer' declared at 'C:/Users/eleun/Desktop/ese_da_scrivere/esercizio_5_interempi_3/esercizio_5_rolex.srcs/sources_1/new/ButtonDebouncer.vhd:34' bound to instance 'btn2' of component 'ButtonDebouncer' [C:/Users/eleun/Desktop/ese_da_scrivere/esercizio_5_interempi_3/esercizio_5_rolex.srcs/sources_1/new/rolex.vhd:237]
INFO: [Synth 8-3491] module 'intertempi' declared at 'C:/Users/eleun/Desktop/ese_da_scrivere/esercizio_5_interempi_3/esercizio_5_rolex.srcs/sources_1/new/intertempi.vhd:34' bound to instance 'inter' of component 'intertempi' [C:/Users/eleun/Desktop/ese_da_scrivere/esercizio_5_interempi_3/esercizio_5_rolex.srcs/sources_1/new/rolex.vhd:249]
INFO: [Synth 8-638] synthesizing module 'intertempi' [C:/Users/eleun/Desktop/ese_da_scrivere/esercizio_5_interempi_3/esercizio_5_rolex.srcs/sources_1/new/intertempi.vhd:45]
INFO: [Synth 8-256] done synthesizing module 'intertempi' (13#1) [C:/Users/eleun/Desktop/ese_da_scrivere/esercizio_5_interempi_3/esercizio_5_rolex.srcs/sources_1/new/intertempi.vhd:45]
INFO: [Synth 8-256] done synthesizing module 'rolex' (14#1) [C:/Users/eleun/Desktop/ese_da_scrivere/esercizio_5_interempi_3/esercizio_5_rolex.srcs/sources_1/new/rolex.vhd:47]
---------------------------------------------------------------------------------
Finished RTL Elaboration : Time (s): cpu = 00:00:05 ; elapsed = 00:00:05 . Memory (MB): peak = 999.270 ; gain = 0.000
---------------------------------------------------------------------------------
---------------------------------------------------------------------------------
Start Handling Custom Attributes
---------------------------------------------------------------------------------
---------------------------------------------------------------------------------
Finished Handling Custom Attributes : Time (s): cpu = 00:00:06 ; elapsed = 00:00:06 . Memory (MB): peak = 999.270 ; gain = 0.000
---------------------------------------------------------------------------------
---------------------------------------------------------------------------------
Finished RTL Optimization Phase 1 : Time (s): cpu = 00:00:06 ; elapsed = 00:00:06 . Memory (MB): peak = 999.270 ; gain = 0.000
---------------------------------------------------------------------------------
Netlist sorting complete. Time (s): cpu = 00:00:00 ; elapsed = 00:00:00.014 . Memory (MB): peak = 999.270 ; gain = 0.000
INFO: [Project 1-570] Preparing netlist for logic optimization

Processing XDC Constraints
Initializing timing engine
Parsing XDC File [C:/Users/eleun/Desktop/ese_da_scrivere/esercizio_5_interempi_3/esercizio_5_rolex.srcs/constrs_1/imports/Architettura_S_D/Nexys-A7-100T-Master.xdc]
Finished Parsing XDC File [C:/Users/eleun/Desktop/ese_da_scrivere/esercizio_5_interempi_3/esercizio_5_rolex.srcs/constrs_1/imports/Architettura_S_D/Nexys-A7-100T-Master.xdc]
INFO: [Project 1-236] Implementation specific constraints were found while reading constraint file [C:/Users/eleun/Desktop/ese_da_scrivere/esercizio_5_interempi_3/esercizio_5_rolex.srcs/constrs_1/imports/Architettura_S_D/Nexys-A7-100T-Master.xdc]. These constraints will be ignored for synthesis but will be used in implementation. Impacted constraints are listed in the file [.Xil/rolex_propImpl.xdc].
Resolution: To avoid this warning, move constraints listed in [.Xil/rolex_propImpl.xdc] to another XDC file and exclude this new file from synthesis with the used_in_synthesis property (File Properties dialog in GUI) and re-run elaboration/synthesis.
Completed Processing XDC Constraints

Netlist sorting complete. Time (s): cpu = 00:00:00 ; elapsed = 00:00:00.001 . Memory (MB): peak = 999.270 ; gain = 0.000
INFO: [Project 1-111] Unisim Transformation Summary:
No Unisim elements were transformed.

Constraint Validation Runtime : Time (s): cpu = 00:00:00 ; elapsed = 00:00:00.005 . Memory (MB): peak = 999.270 ; gain = 0.000
---------------------------------------------------------------------------------
Finished Constraint Validation : Time (s): cpu = 00:00:12 ; elapsed = 00:00:13 . Memory (MB): peak = 999.270 ; gain = 0.000
---------------------------------------------------------------------------------
---------------------------------------------------------------------------------
Start Loading Part and Timing Information
---------------------------------------------------------------------------------
Loading part: xc7a100tcsg324-1
---------------------------------------------------------------------------------
Finished Loading Part and Timing Information : Time (s): cpu = 00:00:12 ; elapsed = 00:00:13 . Memory (MB): peak = 999.270 ; gain = 0.000
---------------------------------------------------------------------------------
---------------------------------------------------------------------------------
Start Applying 'set_property' XDC Constraints
---------------------------------------------------------------------------------
---------------------------------------------------------------------------------
Finished applying 'set_property' XDC Constraints : Time (s): cpu = 00:00:12 ; elapsed = 00:00:13 . Memory (MB): peak = 999.270 ; gain = 0.000
---------------------------------------------------------------------------------
---------------------------------------------------------------------------------
Finished RTL Optimization Phase 2 : Time (s): cpu = 00:00:14 ; elapsed = 00:00:14 . Memory (MB): peak = 999.270 ; gain = 0.000
---------------------------------------------------------------------------------
---------------------------------------------------------------------------------
Start RTL Component Statistics 
---------------------------------------------------------------------------------
Detailed RTL Component Info : 
+---Adders : 
	   2 Input   32 Bit       Adders := 7     
	   2 Input   27 Bit       Adders := 1     
	   2 Input   18 Bit       Adders := 1     
	   2 Input    3 Bit       Adders := 1     
+---Registers : 
	               32 Bit    Registers := 8     
	               27 Bit    Registers := 1     
	               18 Bit    Registers := 1     
	               17 Bit    Registers := 2     
	                8 Bit    Registers := 3     
	                3 Bit    Registers := 1     
	                1 Bit    Registers := 11    
+---RAMs : 
	              136 Bit	(8 X 17 bit)          RAMs := 1     
+---Muxes : 
	   2 Input   32 Bit        Muxes := 25    
	   3 Input   32 Bit        Muxes := 3     
	   2 Input   18 Bit        Muxes := 1     
	   2 Input   17 Bit        Muxes := 1     
	   8 Input    8 Bit        Muxes := 1     
	  11 Input    4 Bit        Muxes := 3     
	   7 Input    4 Bit        Muxes := 3     
	   2 Input    4 Bit        Muxes := 3     
	   7 Input    3 Bit        Muxes := 3     
	   3 Input    1 Bit        Muxes := 4     
---------------------------------------------------------------------------------
Finished RTL Component Statistics 
---------------------------------------------------------------------------------
---------------------------------------------------------------------------------
Start Part Resource Summary
---------------------------------------------------------------------------------
Part Resources:
DSPs: 240 (col length:80)
BRAMs: 270 (col length: RAMB18 80 RAMB36 40)
---------------------------------------------------------------------------------
Finished Part Resource Summary
---------------------------------------------------------------------------------
---------------------------------------------------------------------------------
Start Cross Boundary and Area Optimization
---------------------------------------------------------------------------------
---------------------------------------------------------------------------------
Finished Cross Boundary and Area Optimization : Time (s): cpu = 00:00:18 ; elapsed = 00:00:19 . Memory (MB): peak = 999.270 ; gain = 0.000
---------------------------------------------------------------------------------
---------------------------------------------------------------------------------
Start ROM, RAM, DSP, Shift Register and Retiming Reporting
---------------------------------------------------------------------------------

Distributed RAM: Preliminary Mapping	Report (see note below)
+------------+---------------+-----------+----------------------+-------------+
|Module Name | RTL Object    | Inference | Size (Depth x Width) | Primitives  | 
+------------+---------------+-----------+----------------------+-------------+
|rolex       | inter/ROM_reg | Implied   | 8 x 17               | RAM32M x 3	 | 
+------------+---------------+-----------+----------------------+-------------+

Note: The table above is a preliminary report that shows the Distributed RAMs at the current stage of the synthesis flow. Some Distributed RAMs may be reimplemented as non Distributed RAM primitives later in the synthesis flow. Multiple instantiated RAMs are reported only once.
---------------------------------------------------------------------------------
Finished ROM, RAM, DSP, Shift Register and Retiming Reporting
---------------------------------------------------------------------------------
---------------------------------------------------------------------------------
Start Applying XDC Timing Constraints
---------------------------------------------------------------------------------
---------------------------------------------------------------------------------
Finished Applying XDC Timing Constraints : Time (s): cpu = 00:00:24 ; elapsed = 00:00:24 . Memory (MB): peak = 999.270 ; gain = 0.000
---------------------------------------------------------------------------------
---------------------------------------------------------------------------------
Start Timing Optimization
---------------------------------------------------------------------------------
---------------------------------------------------------------------------------
Finished Timing Optimization : Time (s): cpu = 00:00:24 ; elapsed = 00:00:25 . Memory (MB): peak = 999.270 ; gain = 0.000
---------------------------------------------------------------------------------
---------------------------------------------------------------------------------
Start ROM, RAM, DSP, Shift Register and Retiming Reporting
---------------------------------------------------------------------------------

Distributed RAM: Final Mapping	Report
+------------+---------------+-----------+----------------------+-------------+
|Module Name | RTL Object    | Inference | Size (Depth x Width) | Primitives  | 
+------------+---------------+-----------+----------------------+-------------+
|rolex       | inter/ROM_reg | Implied   | 8 x 17               | RAM32M x 3	 | 
+------------+---------------+-----------+----------------------+-------------+

---------------------------------------------------------------------------------
Finished ROM, RAM, DSP, Shift Register and Retiming Reporting
---------------------------------------------------------------------------------
---------------------------------------------------------------------------------
Start Technology Mapping
---------------------------------------------------------------------------------
---------------------------------------------------------------------------------
Finished Technology Mapping : Time (s): cpu = 00:00:24 ; elapsed = 00:00:25 . Memory (MB): peak = 1006.543 ; gain = 7.273
---------------------------------------------------------------------------------
---------------------------------------------------------------------------------
Start IO Insertion
---------------------------------------------------------------------------------
---------------------------------------------------------------------------------
Start Flattening Before IO Insertion
---------------------------------------------------------------------------------
---------------------------------------------------------------------------------
Finished Flattening Before IO Insertion
---------------------------------------------------------------------------------
---------------------------------------------------------------------------------
Start Final Netlist Cleanup
---------------------------------------------------------------------------------
---------------------------------------------------------------------------------
Finished Final Netlist Cleanup
---------------------------------------------------------------------------------
---------------------------------------------------------------------------------
Finished IO Insertion : Time (s): cpu = 00:00:28 ; elapsed = 00:00:29 . Memory (MB): peak = 1006.543 ; gain = 7.273
---------------------------------------------------------------------------------
---------------------------------------------------------------------------------
Start Renaming Generated Instances
---------------------------------------------------------------------------------
---------------------------------------------------------------------------------
Finished Renaming Generated Instances : Time (s): cpu = 00:00:28 ; elapsed = 00:00:29 . Memory (MB): peak = 1006.543 ; gain = 7.273
---------------------------------------------------------------------------------
---------------------------------------------------------------------------------
Start Rebuilding User Hierarchy
---------------------------------------------------------------------------------
---------------------------------------------------------------------------------
Finished Rebuilding User Hierarchy : Time (s): cpu = 00:00:28 ; elapsed = 00:00:29 . Memory (MB): peak = 1006.543 ; gain = 7.273
---------------------------------------------------------------------------------
---------------------------------------------------------------------------------
Start Renaming Generated Ports
---------------------------------------------------------------------------------
---------------------------------------------------------------------------------
Finished Renaming Generated Ports : Time (s): cpu = 00:00:28 ; elapsed = 00:00:29 . Memory (MB): peak = 1006.543 ; gain = 7.273
---------------------------------------------------------------------------------
---------------------------------------------------------------------------------
Start Handling Custom Attributes
---------------------------------------------------------------------------------
---------------------------------------------------------------------------------
Finished Handling Custom Attributes : Time (s): cpu = 00:00:28 ; elapsed = 00:00:29 . Memory (MB): peak = 1006.543 ; gain = 7.273
---------------------------------------------------------------------------------
---------------------------------------------------------------------------------
Start Renaming Generated Nets
---------------------------------------------------------------------------------
---------------------------------------------------------------------------------
Finished Renaming Generated Nets : Time (s): cpu = 00:00:28 ; elapsed = 00:00:29 . Memory (MB): peak = 1006.543 ; gain = 7.273
---------------------------------------------------------------------------------
---------------------------------------------------------------------------------
Start Writing Synthesis Report
---------------------------------------------------------------------------------

Report BlackBoxes: 
+-+--------------+----------+
| |BlackBox name |Instances |
+-+--------------+----------+
+-+--------------+----------+

Report Cell Usage: 
+------+-------+------+
|      |Cell   |Count |
+------+-------+------+
|1     |BUFG   |     2|
|2     |CARRY4 |    68|
|3     |LUT1   |     8|
|4     |LUT2   |     9|
|5     |LUT3   |    31|
|6     |LUT4   |    87|
|7     |LUT5   |   149|
|8     |LUT6   |    22|
|9     |RAM32M |     3|
|10    |FDCE   |   124|
|11    |FDRE   |   218|
|12    |IBUF   |     6|
|13    |OBUF   |    16|
+------+-------+------+
---------------------------------------------------------------------------------
Finished Writing Synthesis Report : Time (s): cpu = 00:00:28 ; elapsed = 00:00:29 . Memory (MB): peak = 1006.543 ; gain = 7.273
---------------------------------------------------------------------------------
Synthesis finished with 0 errors, 0 critical warnings and 0 warnings.
Synthesis Optimization Runtime : Time (s): cpu = 00:00:21 ; elapsed = 00:00:27 . Memory (MB): peak = 1006.543 ; gain = 7.273
Synthesis Optimization Complete : Time (s): cpu = 00:00:29 ; elapsed = 00:00:29 . Memory (MB): peak = 1006.543 ; gain = 7.273
INFO: [Project 1-571] Translating synthesized netlist
Netlist sorting complete. Time (s): cpu = 00:00:00 ; elapsed = 00:00:00.008 . Memory (MB): peak = 1014.613 ; gain = 0.000
INFO: [Netlist 29-17] Analyzing 71 Unisim elements for replacement
INFO: [Netlist 29-28] Unisim Transformation completed in 0 CPU seconds
INFO: [Project 1-570] Preparing netlist for logic optimization
INFO: [Opt 31-138] Pushed 0 inverter(s) to 0 load pin(s).
Netlist sorting complete. Time (s): cpu = 00:00:00 ; elapsed = 00:00:00 . Memory (MB): peak = 1014.613 ; gain = 0.000
INFO: [Project 1-111] Unisim Transformation Summary:
  A total of 3 instances were transformed.
  RAM32M => RAM32M (RAMD32(x6), RAMS32(x2)): 3 instances

INFO: [Common 17-83] Releasing license: Synthesis
67 Infos, 4 Warnings, 0 Critical Warnings and 0 Errors encountered.
synth_design completed successfully
synth_design: Time (s): cpu = 00:00:35 ; elapsed = 00:00:35 . Memory (MB): peak = 1014.613 ; gain = 15.344
INFO: [Common 17-1381] The checkpoint 'C:/Users/eleun/Desktop/ese_da_scrivere/esercizio_5_interempi_3/esercizio_5_rolex.runs/synth_1/rolex.dcp' has been generated.
INFO: [runtcl-4] Executing : report_utilization -file rolex_utilization_synth.rpt -pb rolex_utilization_synth.pb
INFO: [Common 17-206] Exiting Vivado at Sat Jan  8 13:14:36 2022...
