#-----------------------------------------------------------
# Vivado v2020.2 (64-bit)
# SW Build 3064766 on Wed Nov 18 09:12:45 MST 2020
# IP Build 3064653 on Wed Nov 18 14:17:31 MST 2020
# Start of session at: Sat Jan  1 12:56:25 2022
# Process ID: 1128
# Current directory: C:/Users/raimo/Desktop/esercizio_9_onBoard
# Command line: vivado.exe -gui_launcher_event rodinguilauncherevent12064 C:\Users\raimo\Desktop\esercizio_9_onBoard\esercizio_9_r.xpr
# Log file: C:/Users/raimo/Desktop/esercizio_9_onBoard/vivado.log
# Journal file: C:/Users/raimo/Desktop/esercizio_9_onBoard\vivado.jou
#-----------------------------------------------------------
start_gui
open_project C:/Users/raimo/Desktop/esercizio_9_onBoard/esercizio_9_r.xpr
INFO: [Project 1-313] Project file moved from 'C:/Users/Vincenzo Pascarella/Desktop/Universit/Magistrale/Architettura_S_D/Vivado/progetti_tesina/esercizio_9_onBoard' since last save.
WARNING: [filemgmt 56-2] Default IP Output Path : Could not find the directory 'C:/Users/raimo/Desktop/esercizio_9_onBoard/esercizio_9_r.gen/sources_1', nor could it be found using path 'C:/Users/Vincenzo Pascarella/Desktop/Universit/Magistrale/Architettura_S_D/Vivado/progetti_tesina/esercizio_9_onBoard/esercizio_9_r.gen/sources_1'.
Scanning sources...
Finished scanning sources
INFO: [IP_Flow 19-234] Refreshing IP repositories
INFO: [IP_Flow 19-1704] No user IP repositories specified
INFO: [IP_Flow 19-2313] Loaded Vivado IP repository 'C:/Xilinx/Vivado/2020.2/data/ip'.
open_project: Time (s): cpu = 00:00:22 ; elapsed = 00:00:07 . Memory (MB): peak = 1190.305 ; gain = 0.000
update_compile_order -fileset sources_1
reset_run synth_1
launch_runs synth_1 -jobs 6
[Sat Jan  1 13:12:45 2022] Launched synth_1...
Run output will be captured here: C:/Users/raimo/Desktop/esercizio_9_onBoard/esercizio_9_r.runs/synth_1/runme.log
exit
INFO: [Common 17-206] Exiting Vivado at Sat Jan  1 13:15:30 2022...
