#-----------------------------------------------------------
# Vivado v2020.2 (64-bit)
# SW Build 3064766 on Wed Nov 18 09:12:45 MST 2020
# IP Build 3064653 on Wed Nov 18 14:17:31 MST 2020
# Start of session at: Sat Jan  1 18:18:44 2022
# Process ID: 5444
# Current directory: C:/Users/raimo/Desktop/esercizio_9_onBoard
# Command line: vivado.exe -gui_launcher_event rodinguilauncherevent12936 C:\Users\raimo\Desktop\esercizio_9_onBoard\esercizio_9_r.xpr
# Log file: C:/Users/raimo/Desktop/esercizio_9_onBoard/vivado.log
# Journal file: C:/Users/raimo/Desktop/esercizio_9_onBoard\vivado.jou
#-----------------------------------------------------------
start_gui
open_project C:/Users/raimo/Desktop/esercizio_9_onBoard/esercizio_9_r.xpr
WARNING: [filemgmt 56-3] Default IP Output Path : Could not find the directory 'C:/Users/raimo/Desktop/esercizio_9_onBoard/esercizio_9_r.gen/sources_1'.
Scanning sources...
Finished scanning sources
INFO: [IP_Flow 19-234] Refreshing IP repositories
INFO: [IP_Flow 19-1704] No user IP repositories specified
INFO: [IP_Flow 19-2313] Loaded Vivado IP repository 'C:/Xilinx/Vivado/2020.2/data/ip'.
open_project: Time (s): cpu = 00:00:25 ; elapsed = 00:00:09 . Memory (MB): peak = 1002.344 ; gain = 0.000
update_compile_order -fileset sources_1
exit
INFO: [Common 17-206] Exiting Vivado at Sat Jan  1 19:24:32 2022...
