#-----------------------------------------------------------
# Vivado v2020.2 (64-bit)
# SW Build 3064766 on Wed Nov 18 09:12:45 MST 2020
# IP Build 3064653 on Wed Nov 18 14:17:31 MST 2020
# Start of session at: Fri Jan  7 17:16:08 2022
# Process ID: 3628
# Current directory: C:/Users/raimo/Desktop/esercizio_2_timing
# Command line: vivado.exe -gui_launcher_event rodinguilauncherevent6188 C:\Users\raimo\Desktop\esercizio_2_timing\esercizio_2.xpr
# Log file: C:/Users/raimo/Desktop/esercizio_2_timing/vivado.log
# Journal file: C:/Users/raimo/Desktop/esercizio_2_timing\vivado.jou
#-----------------------------------------------------------
start_gui
open_project C:/Users/raimo/Desktop/esercizio_2_timing/esercizio_2.xpr
INFO: [Project 1-313] Project file moved from 'C:/Users/Vincenzo Pascarella/Desktop/Universit/Magistrale/Architettura_S_D/Vivado/esercizio_2' since last save.
WARNING: [filemgmt 56-2] Default IP Output Path : Could not find the directory 'C:/Users/raimo/Desktop/esercizio_2_timing/esercizio_2.gen/sources_1', nor could it be found using path 'C:/Users/Vincenzo Pascarella/Desktop/Universit/Magistrale/Architettura_S_D/Vivado/esercizio_2/esercizio_2.gen/sources_1'.
Scanning sources...
Finished scanning sources
INFO: [IP_Flow 19-234] Refreshing IP repositories
INFO: [IP_Flow 19-1704] No user IP repositories specified
INFO: [IP_Flow 19-2313] Loaded Vivado IP repository 'C:/Xilinx/Vivado/2020.2/data/ip'.
open_project: Time (s): cpu = 00:00:25 ; elapsed = 00:00:09 . Memory (MB): peak = 1190.840 ; gain = 0.000
update_compile_order -fileset sources_1
reset_run synth_1
launch_runs synth_1 -jobs 6
[Fri Jan  7 17:17:29 2022] Launched synth_1...
Run output will be captured here: C:/Users/raimo/Desktop/esercizio_2_timing/esercizio_2.runs/synth_1/runme.log
launch_runs impl_1 -jobs 6
[Fri Jan  7 17:19:52 2022] Launched impl_1...
Run output will be captured here: C:/Users/raimo/Desktop/esercizio_2_timing/esercizio_2.runs/impl_1/runme.log
launch_runs impl_1 -to_step write_bitstream -jobs 6
[Fri Jan  7 17:24:59 2022] Launched impl_1...
Run output will be captured here: C:/Users/raimo/Desktop/esercizio_2_timing/esercizio_2.runs/impl_1/runme.log
reset_run synth_1
launch_runs synth_1 -jobs 6
[Fri Jan  7 17:34:13 2022] Launched synth_1...
Run output will be captured here: C:/Users/raimo/Desktop/esercizio_2_timing/esercizio_2.runs/synth_1/runme.log
launch_runs impl_1 -jobs 6
[Fri Jan  7 17:36:13 2022] Launched impl_1...
Run output will be captured here: C:/Users/raimo/Desktop/esercizio_2_timing/esercizio_2.runs/impl_1/runme.log
launch_runs impl_1 -to_step write_bitstream -jobs 6
[Fri Jan  7 17:39:19 2022] Launched impl_1...
Run output will be captured here: C:/Users/raimo/Desktop/esercizio_2_timing/esercizio_2.runs/impl_1/runme.log
exit
INFO: [Common 17-206] Exiting Vivado at Fri Jan  7 17:41:57 2022...
