Vivado Simulator 2020.2
Copyright 1986-1999, 2001-2020 Xilinx, Inc. All Rights Reserved.
Running: D:/Vivado/2020.2/bin/unwrapped/win64.o/xelab.exe -wto b005367c6fc6443ea24df6a693d75ce7 --incr --debug typical --relax --mt 2 -L xil_defaultlib -L secureip --snapshot TB_hand_behav xil_defaultlib.TB_hand -log elaborate.log 
Using 2 slave threads.
Starting static elaboration
Completed static elaboration
Starting simulation data flow analysis
Completed simulation data flow analysis
Time Resolution for simulation is 1ps
Compiling package std.standard
Compiling package std.textio
Compiling package ieee.std_logic_1164
Compiling package ieee.std_logic_arith
Compiling package ieee.numeric_std
Compiling architecture behavioral of entity xil_defaultlib.Trasmettitore [\Trasmettitore(m=3)\]
Compiling architecture behavioral of entity xil_defaultlib.contatore [\contatore(n=10)\]
Compiling architecture behavioral of entity xil_defaultlib.ROM [rom_default]
Compiling architecture structural of entity xil_defaultlib.System_A [system_a_default]
Compiling architecture behavioral of entity xil_defaultlib.Ricevitore [\Ricevitore(m=3)\]
Compiling architecture behavioral of entity xil_defaultlib.adder [adder_default]
Compiling architecture behavioral of entity xil_defaultlib.ROM_B [rom_b_default]
Compiling architecture behavioral of entity xil_defaultlib.ROM_S [rom_s_default]
Compiling architecture structural of entity xil_defaultlib.System_B [\System_B(m=3)\]
Compiling architecture structural of entity xil_defaultlib.Handshaking_system [handshaking_system_default]
Compiling architecture behavioral of entity xil_defaultlib.tb_hand
Built simulation snapshot TB_hand_behav
