#-----------------------------------------------------------
# Vivado v2020.2 (64-bit)
# SW Build 3064766 on Wed Nov 18 09:12:45 MST 2020
# IP Build 3064653 on Wed Nov 18 14:17:31 MST 2020
# Start of session at: Fri Jan  7 16:40:56 2022
# Process ID: 11416
# Current directory: C:/Users/raimo/Desktop/Progetti_Tesina/esercizio_2
# Command line: vivado.exe -gui_launcher_event rodinguilauncherevent3884 C:\Users\raimo\Desktop\Progetti_Tesina\esercizio_2\esercizio_2.xpr
# Log file: C:/Users/raimo/Desktop/Progetti_Tesina/esercizio_2/vivado.log
# Journal file: C:/Users/raimo/Desktop/Progetti_Tesina/esercizio_2\vivado.jou
#-----------------------------------------------------------
start_gui
open_project C:/Users/raimo/Desktop/Progetti_Tesina/esercizio_2/esercizio_2.xpr
INFO: [Project 1-313] Project file moved from 'C:/Users/raimo/Desktop/esercizio_2' since last save.
WARNING: [filemgmt 56-2] Default IP Output Path : Could not find the directory 'C:/Users/raimo/Desktop/Progetti_Tesina/esercizio_2/esercizio_2.gen/sources_1', nor could it be found using path 'C:/Users/raimo/Desktop/esercizio_2/esercizio_2.gen/sources_1'.
CRITICAL WARNING: [Project 1-311] Could not find the file 'C:/Users/raimo/Desktop/ROMonDisplay/ROMonDisplay.srcs/sources_1/imports/Display7Seg - Vivado/anodes_manager.vhd', nor could it be found using path 'C:/Users/raimo/ROMonDisplay/ROMonDisplay.srcs/sources_1/imports/Display7Seg - Vivado/anodes_manager.vhd'.
CRITICAL WARNING: [Project 1-311] Could not find the file 'C:/Users/raimo/Desktop/ROMonDisplay/ROMonDisplay.srcs/sources_1/imports/Display7Seg - Vivado/cathodes_manager.vhd', nor could it be found using path 'C:/Users/raimo/ROMonDisplay/ROMonDisplay.srcs/sources_1/imports/Display7Seg - Vivado/cathodes_manager.vhd'.
CRITICAL WARNING: [Project 1-311] Could not find the file 'C:/Users/raimo/Desktop/ROMonDisplay/ROMonDisplay.srcs/sources_1/imports/Display7Seg - Vivado/clock_filter.vhd', nor could it be found using path 'C:/Users/raimo/ROMonDisplay/ROMonDisplay.srcs/sources_1/imports/Display7Seg - Vivado/clock_filter.vhd'.
CRITICAL WARNING: [Project 1-311] Could not find the file 'C:/Users/raimo/Desktop/ROMonDisplay/ROMonDisplay.srcs/sources_1/imports/Display7Seg - Vivado/counter_mod4.vhd', nor could it be found using path 'C:/Users/raimo/ROMonDisplay/ROMonDisplay.srcs/sources_1/imports/Display7Seg - Vivado/counter_mod4.vhd'.
CRITICAL WARNING: [Project 1-311] Could not find the file 'C:/Users/raimo/Desktop/ROMonDisplay/ROMonDisplay.srcs/sources_1/imports/Display7Seg - Vivado/display_seven_segments.vhd', nor could it be found using path 'C:/Users/raimo/ROMonDisplay/ROMonDisplay.srcs/sources_1/imports/Display7Seg - Vivado/display_seven_segments.vhd'.
Scanning sources...
Finished scanning sources
INFO: [IP_Flow 19-234] Refreshing IP repositories
INFO: [IP_Flow 19-1704] No user IP repositories specified
INFO: [IP_Flow 19-2313] Loaded Vivado IP repository 'C:/Xilinx/Vivado/2020.2/data/ip'.
open_project: Time (s): cpu = 00:00:35 ; elapsed = 00:00:11 . Memory (MB): peak = 1005.828 ; gain = 0.000
update_compile_order -fileset sources_1
update_files -from_files {{C:/Users/raimo/Desktop/Progetti_Tesina/esercizio_5_board/esercizio_5_board.srcs/sources_1/imports/sources_1/imports/Display7Seg - Vivado/anodes_manager.vhd}} -to_files {{C:/Users/raimo/Desktop/ROMonDisplay/ROMonDisplay.srcs/sources_1/imports/Display7Seg - Vivado/anodes_manager.vhd}} -filesets [get_filesets *]
INFO: [filemgmt 20-762] Replacing file 'C:/Users/raimo/Desktop/ROMonDisplay/ROMonDisplay.srcs/sources_1/imports/Display7Seg - Vivado/anodes_manager.vhd' with file 'C:/Users/raimo/Desktop/Progetti_Tesina/esercizio_5_board/esercizio_5_board.srcs/sources_1/imports/sources_1/imports/Display7Seg - Vivado/anodes_manager.vhd'.
update_files -from_files {{C:/Users/raimo/Desktop/Progetti_Tesina/esercizio_5_board/esercizio_5_board.srcs/sources_1/imports/sources_1/imports/Display7Seg - Vivado/cathodes_manager.vhd}} -to_files {{C:/Users/raimo/Desktop/ROMonDisplay/ROMonDisplay.srcs/sources_1/imports/Display7Seg - Vivado/cathodes_manager.vhd}} -filesets [get_filesets *]
INFO: [filemgmt 20-762] Replacing file 'C:/Users/raimo/Desktop/ROMonDisplay/ROMonDisplay.srcs/sources_1/imports/Display7Seg - Vivado/cathodes_manager.vhd' with file 'C:/Users/raimo/Desktop/Progetti_Tesina/esercizio_5_board/esercizio_5_board.srcs/sources_1/imports/sources_1/imports/Display7Seg - Vivado/cathodes_manager.vhd'.
update_files -from_files {{C:/Users/raimo/Desktop/Progetti_Tesina/esercizio_5_board/esercizio_5_board.srcs/sources_1/imports/sources_1/imports/Display7Seg - Vivado/clock_filter.vhd}} -to_files {{C:/Users/raimo/Desktop/ROMonDisplay/ROMonDisplay.srcs/sources_1/imports/Display7Seg - Vivado/clock_filter.vhd}} -filesets [get_filesets *]
INFO: [filemgmt 20-762] Replacing file 'C:/Users/raimo/Desktop/ROMonDisplay/ROMonDisplay.srcs/sources_1/imports/Display7Seg - Vivado/clock_filter.vhd' with file 'C:/Users/raimo/Desktop/Progetti_Tesina/esercizio_5_board/esercizio_5_board.srcs/sources_1/imports/sources_1/imports/Display7Seg - Vivado/clock_filter.vhd'.
update_files -from_files {{C:/Users/raimo/Desktop/Progetti_Tesina/esercizio_5_board/esercizio_5_board.srcs/sources_1/imports/sources_1/imports/Display7Seg - Vivado/counter_mod4.vhd}} -to_files {{C:/Users/raimo/Desktop/ROMonDisplay/ROMonDisplay.srcs/sources_1/imports/Display7Seg - Vivado/counter_mod4.vhd}} -filesets [get_filesets *]
INFO: [filemgmt 20-762] Replacing file 'C:/Users/raimo/Desktop/ROMonDisplay/ROMonDisplay.srcs/sources_1/imports/Display7Seg - Vivado/counter_mod4.vhd' with file 'C:/Users/raimo/Desktop/Progetti_Tesina/esercizio_5_board/esercizio_5_board.srcs/sources_1/imports/sources_1/imports/Display7Seg - Vivado/counter_mod4.vhd'.
update_files -from_files {{C:/Users/raimo/Desktop/Progetti_Tesina/esercizio_5_board/esercizio_5_board.srcs/sources_1/imports/sources_1/imports/Display7Seg - Vivado/display_seven_segments.vhd}} -to_files {{C:/Users/raimo/Desktop/ROMonDisplay/ROMonDisplay.srcs/sources_1/imports/Display7Seg - Vivado/display_seven_segments.vhd}} -filesets [get_filesets *]
INFO: [filemgmt 20-762] Replacing file 'C:/Users/raimo/Desktop/ROMonDisplay/ROMonDisplay.srcs/sources_1/imports/Display7Seg - Vivado/display_seven_segments.vhd' with file 'C:/Users/raimo/Desktop/Progetti_Tesina/esercizio_5_board/esercizio_5_board.srcs/sources_1/imports/sources_1/imports/Display7Seg - Vivado/display_seven_segments.vhd'.
update_compile_order -fileset sources_1
exit
INFO: [Common 17-206] Exiting Vivado at Fri Jan  7 17:16:12 2022...
