#-----------------------------------------------------------
# Vivado v2020.2 (64-bit)
# SW Build 3064766 on Wed Nov 18 09:12:45 MST 2020
# IP Build 3064653 on Wed Nov 18 14:17:31 MST 2020
# Start of session at: Fri Dec 31 11:34:41 2021
# Process ID: 19308
# Current directory: C:/Users/Vincenzo Pascarella/Desktop/Universit/Magistrale/Architettura_S_D/Vivado/progetti_tesina/esercizio_3_board
# Command line: vivado.exe -gui_launcher_event rodinguilauncherevent22556 C:\Users\Vincenzo Pascarella\Desktop\Universit\Magistrale\Architettura_S_D\Vivado\progetti_tesina\esercizio_3_board\esercizio_3.xpr
# Log file: C:/Users/Vincenzo Pascarella/Desktop/Universit/Magistrale/Architettura_S_D/Vivado/progetti_tesina/esercizio_3_board/vivado.log
# Journal file: C:/Users/Vincenzo Pascarella/Desktop/Universit/Magistrale/Architettura_S_D/Vivado/progetti_tesina/esercizio_3_board\vivado.jou
#-----------------------------------------------------------
start_gui
open_project {C:/Users/Vincenzo Pascarella/Desktop/Universit/Magistrale/Architettura_S_D/Vivado/progetti_tesina/esercizio_3_board/esercizio_3.xpr}
INFO: [ProjectBase 1-489] The host OS only allows 260 characters in a normal path. The project is stored in a path with more than 80 characters. If you experience issues with IP, Block Designs, or files not being found, please consider moving the project to a location with a shorter path. Alternately consider using the OS subst command to map part of the path to a drive letter.
Current project path is 'C:/Users/Vincenzo Pascarella/Desktop/Universit/Magistrale/Architettura_S_D/Vivado/progetti_tesina/esercizio_3_board'
WARNING: [filemgmt 56-3] Default IP Output Path : Could not find the directory 'C:/Users/Vincenzo Pascarella/Desktop/Universit/Magistrale/Architettura_S_D/Vivado/progetti_tesina/esercizio_3_board/esercizio_3.gen/sources_1'.
Scanning sources...
Finished scanning sources
INFO: [IP_Flow 19-234] Refreshing IP repositories
INFO: [IP_Flow 19-1704] No user IP repositories specified
INFO: [IP_Flow 19-2313] Loaded Vivado IP repository 'D:/Vivado/2020.2/data/ip'.
update_compile_order -fileset sources_1
set_property OPTIONS.report_unconstrained {true} [get_report_config -of_objects [get_runs impl_1] {impl_1_init_report_timing_summary_0}]
set_property IS_ENABLED true [get_report_config -of_object [get_runs impl_1] impl_1_opt_report_timing_summary_0]
set_property OPTIONS.report_unconstrained {true} [get_report_config -of_objects [get_runs impl_1] {impl_1_opt_report_timing_summary_0}]
generate_reports [get_report_config -of_object [get_runs impl_1] impl_1_opt_report_timing_summary_0] 
generate_reports: Time (s): cpu = 00:00:01 ; elapsed = 00:00:22 . Memory (MB): peak = 1001.211 ; gain = 0.000
open_run impl_1
INFO: [Device 21-403] Loading part xc7a100tcsg324-1
Netlist sorting complete. Time (s): cpu = 00:00:00 ; elapsed = 00:00:00.001 . Memory (MB): peak = 1012.852 ; gain = 0.000
INFO: [Netlist 29-17] Analyzing 16 Unisim elements for replacement
INFO: [Netlist 29-28] Unisim Transformation completed in 0 CPU seconds
INFO: [Project 1-479] Netlist was created with Vivado 2020.2
INFO: [Project 1-570] Preparing netlist for logic optimization
INFO: [Timing 38-478] Restoring timing data from binary archive.
INFO: [Timing 38-479] Binary timing data restore complete.
INFO: [Project 1-856] Restoring constraints from binary archive.
INFO: [Project 1-853] Binary constraint restore complete.
Reading XDEF placement.
Reading placer database...
Reading XDEF routing.
Read XDEF File: Time (s): cpu = 00:00:00 ; elapsed = 00:00:00.041 . Memory (MB): peak = 1705.285 ; gain = 0.000
Restored from archive | CPU: 0.000000 secs | Memory: 0.000000 MB |
Finished XDEF File Restore: Time (s): cpu = 00:00:00 ; elapsed = 00:00:00.042 . Memory (MB): peak = 1705.285 ; gain = 0.000
Netlist sorting complete. Time (s): cpu = 00:00:00 ; elapsed = 00:00:00 . Memory (MB): peak = 1705.285 ; gain = 0.000
INFO: [Project 1-111] Unisim Transformation Summary:
No Unisim elements were transformed.

open_run: Time (s): cpu = 00:00:28 ; elapsed = 00:00:20 . Memory (MB): peak = 1851.793 ; gain = 850.582
report_timing_summary -delay_type min_max -report_unconstrained -check_timing_verbose -max_paths 10 -input_pins -routable_nets -name timing_1
INFO: [Timing 38-91] UpdateTimingParams: Speed grade: -1, Delay Type: min_max.
INFO: [Timing 38-191] Multithreading enabled for timing update using a maximum of 2 CPUs
close_project
open_project {C:/Users/Vincenzo Pascarella/Desktop/Universit/Magistrale/Architettura_S_D/Vivado/progetti_tesina/esercizio_2/esercizio_2.xpr}
INFO: [ProjectBase 1-489] The host OS only allows 260 characters in a normal path. The project is stored in a path with more than 80 characters. If you experience issues with IP, Block Designs, or files not being found, please consider moving the project to a location with a shorter path. Alternately consider using the OS subst command to map part of the path to a drive letter.
Current project path is 'C:/Users/Vincenzo Pascarella/Desktop/Universit/Magistrale/Architettura_S_D/Vivado/progetti_tesina/esercizio_2'
WARNING: [filemgmt 56-3] Default IP Output Path : Could not find the directory 'C:/Users/Vincenzo Pascarella/Desktop/Universit/Magistrale/Architettura_S_D/Vivado/progetti_tesina/esercizio_2/esercizio_2.gen/sources_1'.
Scanning sources...
Finished scanning sources
INFO: [IP_Flow 19-234] Refreshing IP repositories
INFO: [IP_Flow 19-1704] No user IP repositories specified
INFO: [IP_Flow 19-2313] Loaded Vivado IP repository 'D:/Vivado/2020.2/data/ip'.
update_compile_order -fileset sources_1
set_property IS_ENABLED true [get_report_config -of_object [get_runs impl_1] impl_1_opt_report_timing_summary_0]
set_property OPTIONS.report_unconstrained {true} [get_report_config -of_objects [get_runs impl_1] {impl_1_opt_report_timing_summary_0}]
set_property OPTIONS.report_unconstrained {false} [get_report_config -of_objects [get_runs impl_1] {impl_1_opt_report_timing_summary_0}]
set_property IS_ENABLED false [get_report_config -of_object [get_runs impl_1] impl_1_opt_report_timing_summary_0]
set_property IS_ENABLED true [get_report_config -of_object [get_runs impl_1] impl_1_opt_report_timing_summary_0]
reset_run synth_1
launch_runs synth_1 -jobs 12
[Fri Dec 31 11:49:21 2021] Launched synth_1...
Run output will be captured here: C:/Users/Vincenzo Pascarella/Desktop/Universit/Magistrale/Architettura_S_D/Vivado/progetti_tesina/esercizio_2/esercizio_2.runs/synth_1/runme.log
launch_runs impl_1 -jobs 12
[Fri Dec 31 11:50:04 2021] Launched impl_1...
Run output will be captured here: C:/Users/Vincenzo Pascarella/Desktop/Universit/Magistrale/Architettura_S_D/Vivado/progetti_tesina/esercizio_2/esercizio_2.runs/impl_1/runme.log
launch_runs impl_1 -to_step write_bitstream -jobs 12
[Fri Dec 31 11:51:11 2021] Launched impl_1...
Run output will be captured here: C:/Users/Vincenzo Pascarella/Desktop/Universit/Magistrale/Architettura_S_D/Vivado/progetti_tesina/esercizio_2/esercizio_2.runs/impl_1/runme.log
set_property OPTIONS.report_unconstrained {true} [get_report_config -of_objects [get_runs impl_1] {impl_1_opt_report_timing_summary_0}]
generate_reports [get_report_config -of_object [get_runs impl_1] impl_1_opt_report_timing_summary_0] 
generate_reports: Time (s): cpu = 00:00:00 ; elapsed = 00:00:21 . Memory (MB): peak = 1901.828 ; gain = 0.000
exit
INFO: [Common 17-206] Exiting Vivado at Fri Dec 31 11:57:45 2021...
