#-----------------------------------------------------------
# Vivado v2020.2 (64-bit)
# SW Build 3064766 on Wed Nov 18 09:12:45 MST 2020
# IP Build 3064653 on Wed Nov 18 14:17:31 MST 2020
# Start of session at: Sat Jan  8 15:48:57 2022
# Process ID: 31004
# Current directory: C:/Users/Vincenzo Pascarella/Desktop/Universit/Magistrale/Architettura_S_D/Vivado/scritti_da_me/esercizio_3_board
# Command line: vivado.exe -gui_launcher_event rodinguilauncherevent28240 C:\Users\Vincenzo Pascarella\Desktop\Universit\Magistrale\Architettura_S_D\Vivado\scritti_da_me\esercizio_3_board\esercizio_3.xpr
# Log file: C:/Users/Vincenzo Pascarella/Desktop/Universit/Magistrale/Architettura_S_D/Vivado/scritti_da_me/esercizio_3_board/vivado.log
# Journal file: C:/Users/Vincenzo Pascarella/Desktop/Universit/Magistrale/Architettura_S_D/Vivado/scritti_da_me/esercizio_3_board\vivado.jou
#-----------------------------------------------------------
start_gui
open_project {C:/Users/Vincenzo Pascarella/Desktop/Universit/Magistrale/Architettura_S_D/Vivado/scritti_da_me/esercizio_3_board/esercizio_3.xpr}
INFO: [ProjectBase 1-489] The host OS only allows 260 characters in a normal path. The project is stored in a path with more than 80 characters. If you experience issues with IP, Block Designs, or files not being found, please consider moving the project to a location with a shorter path. Alternately consider using the OS subst command to map part of the path to a drive letter.
Current project path is 'C:/Users/Vincenzo Pascarella/Desktop/Universit/Magistrale/Architettura_S_D/Vivado/scritti_da_me/esercizio_3_board'
INFO: [Project 1-313] Project file moved from 'C:/Users/Vincenzo Pascarella/Desktop/Universit/Magistrale/Architettura_S_D/Vivado/progetti_tesina/esercizio_3_board' since last save.
WARNING: [filemgmt 56-2] Default IP Output Path : Could not find the directory 'C:/Users/Vincenzo Pascarella/Desktop/Universit/Magistrale/Architettura_S_D/Vivado/scritti_da_me/esercizio_3_board/esercizio_3.gen/sources_1', nor could it be found using path 'C:/Users/Vincenzo Pascarella/Desktop/Universit/Magistrale/Architettura_S_D/Vivado/progetti_tesina/esercizio_3_board/esercizio_3.gen/sources_1'.
Scanning sources...
Finished scanning sources
INFO: [IP_Flow 19-234] Refreshing IP repositories
INFO: [IP_Flow 19-1704] No user IP repositories specified
INFO: [IP_Flow 19-2313] Loaded Vivado IP repository 'D:/Vivado/2020.2/data/ip'.
update_compile_order -fileset sources_1
reset_run synth_1
launch_runs synth_1 -jobs 12
[Sat Jan  8 15:51:33 2022] Launched synth_1...
Run output will be captured here: C:/Users/Vincenzo Pascarella/Desktop/Universit/Magistrale/Architettura_S_D/Vivado/scritti_da_me/esercizio_3_board/esercizio_3.runs/synth_1/runme.log
launch_runs impl_1 -jobs 12
[Sat Jan  8 15:52:15 2022] Launched impl_1...
Run output will be captured here: C:/Users/Vincenzo Pascarella/Desktop/Universit/Magistrale/Architettura_S_D/Vivado/scritti_da_me/esercizio_3_board/esercizio_3.runs/impl_1/runme.log
launch_runs impl_1 -to_step write_bitstream -jobs 12
[Sat Jan  8 15:53:23 2022] Launched impl_1...
Run output will be captured here: C:/Users/Vincenzo Pascarella/Desktop/Universit/Magistrale/Architettura_S_D/Vivado/scritti_da_me/esercizio_3_board/esercizio_3.runs/impl_1/runme.log
exit
INFO: [Common 17-206] Exiting Vivado at Sat Jan  8 15:54:28 2022...
